2013/04/20 23:26:40 [warning] [application] Failed to set unsafe attribute "tag" of "User".
in /var/www/poultry/protected/controllers/UserController.php (72)
in /var/www/poultry/index.php (13)
2013/04/20 23:26:58 [warning] [application] Failed to set unsafe attribute "tag" of "User".
in /var/www/poultry/protected/controllers/UserController.php (72)
in /var/www/poultry/index.php (13)
2013/04/20 23:28:38 [warning] [application] Failed to set unsafe attribute "tag" of "User".
in /var/www/poultry/protected/controllers/UserController.php (72)
in /var/www/poultry/index.php (13)
2013/04/20 23:28:39 [warning] [application] Failed to set unsafe attribute "tag" of "User".
in /var/www/poultry/protected/controllers/UserController.php (72)
in /var/www/poultry/index.php (13)
2013/04/20 23:28:53 [warning] [application] Failed to set unsafe attribute "tag" of "User".
in /var/www/poultry/protected/controllers/UserController.php (72)
in /var/www/poultry/index.php (13)
2013/04/20 23:30:02 [warning] [application] Failed to set unsafe attribute "tag" of "User".
in /var/www/poultry/protected/controllers/UserController.php (72)
in /var/www/poultry/index.php (13)
2013/04/20 23:30:04 [warning] [application] Failed to set unsafe attribute "tag" of "User".
in /var/www/poultry/protected/controllers/UserController.php (72)
in /var/www/poultry/index.php (13)
2013/04/20 23:32:55 [warning] [application] Failed to set unsafe attribute "tag" of "Stock".
in /var/www/poultry/protected/controllers/StockController.php (72)
in /var/www/poultry/index.php (13)
2013/04/20 23:32:55 [error] [exception.CException] exception 'CException' with message 'Property "Stock.token" is not defined.' in /var/www/framework/base/CComponent.php:130
Stack trace:
#0 /var/www/framework/db/ar/CActiveRecord.php(143): CComponent->__get('token')
#1 /var/www/poultry/protected/controllers/StockController.php(77): CActiveRecord->__get('token')
#2 /var/www/framework/web/actions/CInlineAction.php(49): StockController->actionCreate()
#3 /var/www/framework/web/CController.php(308): CInlineAction->runWithParams(Array)
#4 /var/www/framework/web/filters/CFilterChain.php(133): CController->runAction(Object(CInlineAction))
#5 /var/www/framework/web/filters/CFilter.php(40): CFilterChain->run()
#6 /var/www/framework/web/CController.php(1145): CFilter->filter(Object(CFilterChain))
#7 /var/www/framework/web/filters/CInlineFilter.php(58): CController->filterAccessControl(Object(CFilterChain))
#8 /var/www/framework/web/filters/CFilterChain.php(130): CInlineFilter->filter(Object(CFilterChain))
#9 /var/www/framework/web/CController.php(291): CFilterChain->run()
#10 /var/www/framework/web/CController.php(265): CController->runActionWithFilters(Object(CInlineAction), Array)
#11 /var/www/framework/web/CWebApplication.php(282): CController->run('create')
#12 /var/www/framework/web/CWebApplication.php(141): CWebApplication->runController('stock/create')
#13 /var/www/framework/base/CApplication.php(169): CWebApplication->processRequest()
#14 /var/www/poultry/index.php(13): CApplication->run()
#15 {main}
REQUEST_URI=/poultry/index.php/stock/create
---
2013/04/20 23:32:55 [warning] [application] Failed to set unsafe attribute "tag" of "Production".
in /var/www/poultry/protected/controllers/ProductionController.php (173)
in /var/www/poultry/index.php (13)
2013/04/20 23:34:45 [warning] [application] Failed to set unsafe attribute "tag" of "Stock".
in /var/www/poultry/protected/controllers/StockController.php (72)
in /var/www/poultry/index.php (13)
2013/04/20 23:34:45 [error] [exception.CException] exception 'CException' with message 'Property "Stock.farmer" is not defined.' in /var/www/framework/base/CComponent.php:130
Stack trace:
#0 /var/www/framework/db/ar/CActiveRecord.php(143): CComponent->__get('farmer')
#1 /var/www/poultry/protected/controllers/StockController.php(79): CActiveRecord->__get('farmer')
#2 /var/www/framework/web/actions/CInlineAction.php(49): StockController->actionCreate()
#3 /var/www/framework/web/CController.php(308): CInlineAction->runWithParams(Array)
#4 /var/www/framework/web/filters/CFilterChain.php(133): CController->runAction(Object(CInlineAction))
#5 /var/www/framework/web/filters/CFilter.php(40): CFilterChain->run()
#6 /var/www/framework/web/CController.php(1145): CFilter->filter(Object(CFilterChain))
#7 /var/www/framework/web/filters/CInlineFilter.php(58): CController->filterAccessControl(Object(CFilterChain))
#8 /var/www/framework/web/filters/CFilterChain.php(130): CInlineFilter->filter(Object(CFilterChain))
#9 /var/www/framework/web/CController.php(291): CFilterChain->run()
#10 /var/www/framework/web/CController.php(265): CController->runActionWithFilters(Object(CInlineAction), Array)
#11 /var/www/framework/web/CWebApplication.php(282): CController->run('create')
#12 /var/www/framework/web/CWebApplication.php(141): CWebApplication->runController('stock/create')
#13 /var/www/framework/base/CApplication.php(169): CWebApplication->processRequest()
#14 /var/www/poultry/index.php(13): CApplication->run()
#15 {main}
REQUEST_URI=/poultry/index.php/stock/create
---
2013/04/20 23:35:41 [warning] [application] Failed to set unsafe attribute "tag" of "Stock".
in /var/www/poultry/protected/controllers/StockController.php (72)
in /var/www/poultry/index.php (13)
2013/04/20 23:35:41 [error] [exception.CException] exception 'CException' with message 'Property "Stock.Stock" is not defined.' in /var/www/framework/base/CComponent.php:130
Stack trace:
#0 /var/www/framework/db/ar/CActiveRecord.php(143): CComponent->__get('Stock')
#1 /var/www/poultry/protected/controllers/StockController.php(79): CActiveRecord->__get('Stock')
#2 /var/www/framework/web/actions/CInlineAction.php(49): StockController->actionCreate()
#3 /var/www/framework/web/CController.php(308): CInlineAction->runWithParams(Array)
#4 /var/www/framework/web/filters/CFilterChain.php(133): CController->runAction(Object(CInlineAction))
#5 /var/www/framework/web/filters/CFilter.php(40): CFilterChain->run()
#6 /var/www/framework/web/CController.php(1145): CFilter->filter(Object(CFilterChain))
#7 /var/www/framework/web/filters/CInlineFilter.php(58): CController->filterAccessControl(Object(CFilterChain))
#8 /var/www/framework/web/filters/CFilterChain.php(130): CInlineFilter->filter(Object(CFilterChain))
#9 /var/www/framework/web/CController.php(291): CFilterChain->run()
#10 /var/www/framework/web/CController.php(265): CController->runActionWithFilters(Object(CInlineAction), Array)
#11 /var/www/framework/web/CWebApplication.php(282): CController->run('create')
#12 /var/www/framework/web/CWebApplication.php(141): CWebApplication->runController('stock/create')
#13 /var/www/framework/base/CApplication.php(169): CWebApplication->processRequest()
#14 /var/www/poultry/index.php(13): CApplication->run()
#15 {main}
REQUEST_URI=/poultry/index.php/stock/create
---
2013/04/20 23:35:49 [warning] [application] Failed to set unsafe attribute "tag" of "Production".
in /var/www/poultry/protected/controllers/ProductionController.php (173)
in /var/www/poultry/index.php (13)
2013/04/20 23:35:53 [warning] [application] Failed to set unsafe attribute "tag" of "Production".
in /var/www/poultry/protected/controllers/ProductionController.php (173)
in /var/www/poultry/index.php (13)
2013/04/20 23:36:56 [warning] [application] Failed to set unsafe attribute "tag" of "Stock".
in /var/www/poultry/protected/controllers/StockController.php (72)
in /var/www/poultry/index.php (13)
2013/04/20 23:37:15 [warning] [application] Failed to set unsafe attribute "tag" of "Production".
in /var/www/poultry/protected/controllers/ProductionController.php (173)
in /var/www/poultry/index.php (13)
2013/04/20 23:37:20 [warning] [application] Failed to set unsafe attribute "tag" of "Production".
in /var/www/poultry/protected/controllers/ProductionController.php (173)
in /var/www/poultry/index.php (13)
2013/04/20 23:43:14 [error] [exception.CHttpException.400] exception 'CHttpException' with message 'Your request is invalid.' in /var/www/framework/web/CController.php:336
Stack trace:
#0 /var/www/framework/web/CController.php(309): CController->invalidActionParams(Object(CInlineAction))
#1 /var/www/framework/web/filters/CFilterChain.php(133): CController->runAction(Object(CInlineAction))
#2 /var/www/framework/web/filters/CFilter.php(40): CFilterChain->run()
#3 /var/www/framework/web/CController.php(1145): CFilter->filter(Object(CFilterChain))
#4 /var/www/framework/web/filters/CInlineFilter.php(58): CController->filterAccessControl(Object(CFilterChain))
#5 /var/www/framework/web/filters/CFilterChain.php(130): CInlineFilter->filter(Object(CFilterChain))
#6 /var/www/framework/web/CController.php(291): CFilterChain->run()
#7 /var/www/framework/web/CController.php(265): CController->runActionWithFilters(Object(CInlineAction), Array)
#8 /var/www/framework/web/CWebApplication.php(282): CController->run('update')
#9 /var/www/framework/web/CWebApplication.php(141): CWebApplication->runController('production/upda...')
#10 /var/www/framework/base/CApplication.php(169): CWebApplication->processRequest()
#11 /var/www/poultry/index.php(13): CApplication->run()
#12 {main}
REQUEST_URI=/poultry/index.php/production/update
---
2013/04/20 23:44:15 [error] [exception.CHttpException.400] exception 'CHttpException' with message 'Your request is invalid.' in /var/www/framework/web/CController.php:336
Stack trace:
#0 /var/www/framework/web/CController.php(309): CController->invalidActionParams(Object(CInlineAction))
#1 /var/www/framework/web/filters/CFilterChain.php(133): CController->runAction(Object(CInlineAction))
#2 /var/www/framework/web/filters/CFilter.php(40): CFilterChain->run()
#3 /var/www/framework/web/CController.php(1145): CFilter->filter(Object(CFilterChain))
#4 /var/www/framework/web/filters/CInlineFilter.php(58): CController->filterAccessControl(Object(CFilterChain))
#5 /var/www/framework/web/filters/CFilterChain.php(130): CInlineFilter->filter(Object(CFilterChain))
#6 /var/www/framework/web/CController.php(291): CFilterChain->run()
#7 /var/www/framework/web/CController.php(265): CController->runActionWithFilters(Object(CInlineAction), Array)
#8 /var/www/framework/web/CWebApplication.php(282): CController->run('update')
#9 /var/www/framework/web/CWebApplication.php(141): CWebApplication->runController('production/upda...')
#10 /var/www/framework/base/CApplication.php(169): CWebApplication->processRequest()
#11 /var/www/poultry/index.php(13): CApplication->run()
#12 {main}
REQUEST_URI=/poultry/index.php/production/update
---
2013/04/20 23:44:17 [error] [exception.CHttpException.400] exception 'CHttpException' with message 'Your request is invalid.' in /var/www/framework/web/CController.php:336
Stack trace:
#0 /var/www/framework/web/CController.php(309): CController->invalidActionParams(Object(CInlineAction))
#1 /var/www/framework/web/filters/CFilterChain.php(133): CController->runAction(Object(CInlineAction))
#2 /var/www/framework/web/filters/CFilter.php(40): CFilterChain->run()
#3 /var/www/framework/web/CController.php(1145): CFilter->filter(Object(CFilterChain))
#4 /var/www/framework/web/filters/CInlineFilter.php(58): CController->filterAccessControl(Object(CFilterChain))
#5 /var/www/framework/web/filters/CFilterChain.php(130): CInlineFilter->filter(Object(CFilterChain))
#6 /var/www/framework/web/CController.php(291): CFilterChain->run()
#7 /var/www/framework/web/CController.php(265): CController->runActionWithFilters(Object(CInlineAction), Array)
#8 /var/www/framework/web/CWebApplication.php(282): CController->run('update')
#9 /var/www/framework/web/CWebApplication.php(141): CWebApplication->runController('production/upda...')
#10 /var/www/framework/base/CApplication.php(169): CWebApplication->processRequest()
#11 /var/www/poultry/index.php(13): CApplication->run()
#12 {main}
REQUEST_URI=/poultry/index.php/production/update
---
2013/04/20 23:46:30 [error] [exception.CHttpException.400] exception 'CHttpException' with message 'Your request is invalid.' in /var/www/framework/web/CController.php:336
Stack trace:
#0 /var/www/framework/web/CController.php(309): CController->invalidActionParams(Object(CInlineAction))
#1 /var/www/framework/web/filters/CFilterChain.php(133): CController->runAction(Object(CInlineAction))
#2 /var/www/framework/web/filters/CFilter.php(40): CFilterChain->run()
#3 /var/www/framework/web/CController.php(1145): CFilter->filter(Object(CFilterChain))
#4 /var/www/framework/web/filters/CInlineFilter.php(58): CController->filterAccessControl(Object(CFilterChain))
#5 /var/www/framework/web/filters/CFilterChain.php(130): CInlineFilter->filter(Object(CFilterChain))
#6 /var/www/framework/web/CController.php(291): CFilterChain->run()
#7 /var/www/framework/web/CController.php(265): CController->runActionWithFilters(Object(CInlineAction), Array)
#8 /var/www/framework/web/CWebApplication.php(282): CController->run('update')
#9 /var/www/framework/web/CWebApplication.php(141): CWebApplication->runController('production/upda...')
#10 /var/www/framework/base/CApplication.php(169): CWebApplication->processRequest()
#11 /var/www/poultry/index.php(13): CApplication->run()
#12 {main}
REQUEST_URI=/poultry/index.php/production/update
---
2013/04/20 23:46:31 [error] [exception.CHttpException.400] exception 'CHttpException' with message 'Your request is invalid.' in /var/www/framework/web/CController.php:336
Stack trace:
#0 /var/www/framework/web/CController.php(309): CController->invalidActionParams(Object(CInlineAction))
#1 /var/www/framework/web/filters/CFilterChain.php(133): CController->runAction(Object(CInlineAction))
#2 /var/www/framework/web/filters/CFilter.php(40): CFilterChain->run()
#3 /var/www/framework/web/CController.php(1145): CFilter->filter(Object(CFilterChain))
#4 /var/www/framework/web/filters/CInlineFilter.php(58): CController->filterAccessControl(Object(CFilterChain))
#5 /var/www/framework/web/filters/CFilterChain.php(130): CInlineFilter->filter(Object(CFilterChain))
#6 /var/www/framework/web/CController.php(291): CFilterChain->run()
#7 /var/www/framework/web/CController.php(265): CController->runActionWithFilters(Object(CInlineAction), Array)
#8 /var/www/framework/web/CWebApplication.php(282): CController->run('update')
#9 /var/www/framework/web/CWebApplication.php(141): CWebApplication->runController('production/upda...')
#10 /var/www/framework/base/CApplication.php(169): CWebApplication->processRequest()
#11 /var/www/poultry/index.php(13): CApplication->run()
#12 {main}
REQUEST_URI=/poultry/index.php/production/update
---
2013/04/20 23:46:31 [error] [exception.CHttpException.400] exception 'CHttpException' with message 'Your request is invalid.' in /var/www/framework/web/CController.php:336
Stack trace:
#0 /var/www/framework/web/CController.php(309): CController->invalidActionParams(Object(CInlineAction))
#1 /var/www/framework/web/filters/CFilterChain.php(133): CController->runAction(Object(CInlineAction))
#2 /var/www/framework/web/filters/CFilter.php(40): CFilterChain->run()
#3 /var/www/framework/web/CController.php(1145): CFilter->filter(Object(CFilterChain))
#4 /var/www/framework/web/filters/CInlineFilter.php(58): CController->filterAccessControl(Object(CFilterChain))
#5 /var/www/framework/web/filters/CFilterChain.php(130): CInlineFilter->filter(Object(CFilterChain))
#6 /var/www/framework/web/CController.php(291): CFilterChain->run()
#7 /var/www/framework/web/CController.php(265): CController->runActionWithFilters(Object(CInlineAction), Array)
#8 /var/www/framework/web/CWebApplication.php(282): CController->run('update')
#9 /var/www/framework/web/CWebApplication.php(141): CWebApplication->runController('production/upda...')
#10 /var/www/framework/base/CApplication.php(169): CWebApplication->processRequest()
#11 /var/www/poultry/index.php(13): CApplication->run()
#12 {main}
REQUEST_URI=/poultry/index.php/production/update
---
2013/04/20 23:46:31 [error] [exception.CHttpException.400] exception 'CHttpException' with message 'Your request is invalid.' in /var/www/framework/web/CController.php:336
Stack trace:
#0 /var/www/framework/web/CController.php(309): CController->invalidActionParams(Object(CInlineAction))
#1 /var/www/framework/web/filters/CFilterChain.php(133): CController->runAction(Object(CInlineAction))
#2 /var/www/framework/web/filters/CFilter.php(40): CFilterChain->run()
#3 /var/www/framework/web/CController.php(1145): CFilter->filter(Object(CFilterChain))
#4 /var/www/framework/web/filters/CInlineFilter.php(58): CController->filterAccessControl(Object(CFilterChain))
#5 /var/www/framework/web/filters/CFilterChain.php(130): CInlineFilter->filter(Object(CFilterChain))
#6 /var/www/framework/web/CController.php(291): CFilterChain->run()
#7 /var/www/framework/web/CController.php(265): CController->runActionWithFilters(Object(CInlineAction), Array)
#8 /var/www/framework/web/CWebApplication.php(282): CController->run('update')
#9 /var/www/framework/web/CWebApplication.php(141): CWebApplication->runController('production/upda...')
#10 /var/www/framework/base/CApplication.php(169): CWebApplication->processRequest()
#11 /var/www/poultry/index.php(13): CApplication->run()
#12 {main}
REQUEST_URI=/poultry/index.php/production/update
---
2013/04/20 23:46:32 [error] [exception.CHttpException.400] exception 'CHttpException' with message 'Your request is invalid.' in /var/www/framework/web/CController.php:336
Stack trace:
#0 /var/www/framework/web/CController.php(309): CController->invalidActionParams(Object(CInlineAction))
#1 /var/www/framework/web/filters/CFilterChain.php(133): CController->runAction(Object(CInlineAction))
#2 /var/www/framework/web/filters/CFilter.php(40): CFilterChain->run()
#3 /var/www/framework/web/CController.php(1145): CFilter->filter(Object(CFilterChain))
#4 /var/www/framework/web/filters/CInlineFilter.php(58): CController->filterAccessControl(Object(CFilterChain))
#5 /var/www/framework/web/filters/CFilterChain.php(130): CInlineFilter->filter(Object(CFilterChain))
#6 /var/www/framework/web/CController.php(291): CFilterChain->run()
#7 /var/www/framework/web/CController.php(265): CController->runActionWithFilters(Object(CInlineAction), Array)
#8 /var/www/framework/web/CWebApplication.php(282): CController->run('update')
#9 /var/www/framework/web/CWebApplication.php(141): CWebApplication->runController('production/upda...')
#10 /var/www/framework/base/CApplication.php(169): CWebApplication->processRequest()
#11 /var/www/poultry/index.php(13): CApplication->run()
#12 {main}
REQUEST_URI=/poultry/index.php/production/update
---
2013/04/20 23:46:38 [error] [exception.CHttpException.400] exception 'CHttpException' with message 'Your request is invalid.' in /var/www/framework/web/CController.php:336
Stack trace:
#0 /var/www/framework/web/CController.php(309): CController->invalidActionParams(Object(CInlineAction))
#1 /var/www/framework/web/filters/CFilterChain.php(133): CController->runAction(Object(CInlineAction))
#2 /var/www/framework/web/filters/CFilter.php(40): CFilterChain->run()
#3 /var/www/framework/web/CController.php(1145): CFilter->filter(Object(CFilterChain))
#4 /var/www/framework/web/filters/CInlineFilter.php(58): CController->filterAccessControl(Object(CFilterChain))
#5 /var/www/framework/web/filters/CFilterChain.php(130): CInlineFilter->filter(Object(CFilterChain))
#6 /var/www/framework/web/CController.php(291): CFilterChain->run()
#7 /var/www/framework/web/CController.php(265): CController->runActionWithFilters(Object(CInlineAction), Array)
#8 /var/www/framework/web/CWebApplication.php(282): CController->run('update')
#9 /var/www/framework/web/CWebApplication.php(141): CWebApplication->runController('production/upda...')
#10 /var/www/framework/base/CApplication.php(169): CWebApplication->processRequest()
#11 /var/www/poultry/index.php(13): CApplication->run()
#12 {main}
REQUEST_URI=/poultry/index.php/production/update
---
2013/04/20 23:46:47 [error] [exception.CHttpException.400] exception 'CHttpException' with message 'Your request is invalid.' in /var/www/framework/web/CController.php:336
Stack trace:
#0 /var/www/framework/web/CController.php(309): CController->invalidActionParams(Object(CInlineAction))
#1 /var/www/framework/web/filters/CFilterChain.php(133): CController->runAction(Object(CInlineAction))
#2 /var/www/framework/web/filters/CFilter.php(40): CFilterChain->run()
#3 /var/www/framework/web/CController.php(1145): CFilter->filter(Object(CFilterChain))
#4 /var/www/framework/web/filters/CInlineFilter.php(58): CController->filterAccessControl(Object(CFilterChain))
#5 /var/www/framework/web/filters/CFilterChain.php(130): CInlineFilter->filter(Object(CFilterChain))
#6 /var/www/framework/web/CController.php(291): CFilterChain->run()
#7 /var/www/framework/web/CController.php(265): CController->runActionWithFilters(Object(CInlineAction), Array)
#8 /var/www/framework/web/CWebApplication.php(282): CController->run('update')
#9 /var/www/framework/web/CWebApplication.php(141): CWebApplication->runController('production/upda...')
#10 /var/www/framework/base/CApplication.php(169): CWebApplication->processRequest()
#11 /var/www/poultry/index.php(13): CApplication->run()
#12 {main}
REQUEST_URI=/poultry/index.php/production/update
---
2013/04/20 23:49:00 [error] [exception.CHttpException.400] exception 'CHttpException' with message 'Your request is invalid.' in /var/www/framework/web/CController.php:336
Stack trace:
#0 /var/www/framework/web/CController.php(309): CController->invalidActionParams(Object(CInlineAction))
#1 /var/www/framework/web/filters/CFilterChain.php(133): CController->runAction(Object(CInlineAction))
#2 /var/www/framework/web/filters/CFilter.php(40): CFilterChain->run()
#3 /var/www/framework/web/CController.php(1145): CFilter->filter(Object(CFilterChain))
#4 /var/www/framework/web/filters/CInlineFilter.php(58): CController->filterAccessControl(Object(CFilterChain))
#5 /var/www/framework/web/filters/CFilterChain.php(130): CInlineFilter->filter(Object(CFilterChain))
#6 /var/www/framework/web/CController.php(291): CFilterChain->run()
#7 /var/www/framework/web/CController.php(265): CController->runActionWithFilters(Object(CInlineAction), Array)
#8 /var/www/framework/web/CWebApplication.php(282): CController->run('update')
#9 /var/www/framework/web/CWebApplication.php(141): CWebApplication->runController('production/upda...')
#10 /var/www/framework/base/CApplication.php(169): CWebApplication->processRequest()
#11 /var/www/poultry/index.php(13): CApplication->run()
#12 {main}
REQUEST_URI=/poultry/index.php/production/update
---
2013/04/20 23:49:08 [error] [exception.CHttpException.400] exception 'CHttpException' with message 'Your request is invalid.' in /var/www/framework/web/CController.php:336
Stack trace:
#0 /var/www/framework/web/CController.php(309): CController->invalidActionParams(Object(CInlineAction))
#1 /var/www/framework/web/filters/CFilterChain.php(133): CController->runAction(Object(CInlineAction))
#2 /var/www/framework/web/filters/CFilter.php(40): CFilterChain->run()
#3 /var/www/framework/web/CController.php(1145): CFilter->filter(Object(CFilterChain))
#4 /var/www/framework/web/filters/CInlineFilter.php(58): CController->filterAccessControl(Object(CFilterChain))
#5 /var/www/framework/web/filters/CFilterChain.php(130): CInlineFilter->filter(Object(CFilterChain))
#6 /var/www/framework/web/CController.php(291): CFilterChain->run()
#7 /var/www/framework/web/CController.php(265): CController->runActionWithFilters(Object(CInlineAction), Array)
#8 /var/www/framework/web/CWebApplication.php(282): CController->run('update')
#9 /var/www/framework/web/CWebApplication.php(141): CWebApplication->runController('production/upda...')
#10 /var/www/framework/base/CApplication.php(169): CWebApplication->processRequest()
#11 /var/www/poultry/index.php(13): CApplication->run()
#12 {main}
REQUEST_URI=/poultry/index.php/production/update
---
2013/04/20 23:49:12 [error] [exception.CHttpException.400] exception 'CHttpException' with message 'Your request is invalid.' in /var/www/framework/web/CController.php:336
Stack trace:
#0 /var/www/framework/web/CController.php(309): CController->invalidActionParams(Object(CInlineAction))
#1 /var/www/framework/web/filters/CFilterChain.php(133): CController->runAction(Object(CInlineAction))
#2 /var/www/framework/web/filters/CFilter.php(40): CFilterChain->run()
#3 /var/www/framework/web/CController.php(1145): CFilter->filter(Object(CFilterChain))
#4 /var/www/framework/web/filters/CInlineFilter.php(58): CController->filterAccessControl(Object(CFilterChain))
#5 /var/www/framework/web/filters/CFilterChain.php(130): CInlineFilter->filter(Object(CFilterChain))
#6 /var/www/framework/web/CController.php(291): CFilterChain->run()
#7 /var/www/framework/web/CController.php(265): CController->runActionWithFilters(Object(CInlineAction), Array)
#8 /var/www/framework/web/CWebApplication.php(282): CController->run('update')
#9 /var/www/framework/web/CWebApplication.php(141): CWebApplication->runController('production/upda...')
#10 /var/www/framework/base/CApplication.php(169): CWebApplication->processRequest()
#11 /var/www/poultry/index.php(13): CApplication->run()
#12 {main}
REQUEST_URI=/poultry/index.php/production/update
---
2013/04/20 23:49:24 [error] [exception.CHttpException.400] exception 'CHttpException' with message 'Your request is invalid.' in /var/www/framework/web/CController.php:336
Stack trace:
#0 /var/www/framework/web/CController.php(309): CController->invalidActionParams(Object(CInlineAction))
#1 /var/www/framework/web/filters/CFilterChain.php(133): CController->runAction(Object(CInlineAction))
#2 /var/www/framework/web/filters/CFilter.php(40): CFilterChain->run()
#3 /var/www/framework/web/CController.php(1145): CFilter->filter(Object(CFilterChain))
#4 /var/www/framework/web/filters/CInlineFilter.php(58): CController->filterAccessControl(Object(CFilterChain))
#5 /var/www/framework/web/filters/CFilterChain.php(130): CInlineFilter->filter(Object(CFilterChain))
#6 /var/www/framework/web/CController.php(291): CFilterChain->run()
#7 /var/www/framework/web/CController.php(265): CController->runActionWithFilters(Object(CInlineAction), Array)
#8 /var/www/framework/web/CWebApplication.php(282): CController->run('update')
#9 /var/www/framework/web/CWebApplication.php(141): CWebApplication->runController('production/upda...')
#10 /var/www/framework/base/CApplication.php(169): CWebApplication->processRequest()
#11 /var/www/poultry/index.php(13): CApplication->run()
#12 {main}
REQUEST_URI=/poultry/index.php/production/update
---
2013/04/20 23:50:47 [error] [exception.CHttpException.400] exception 'CHttpException' with message 'Your request is invalid.' in /var/www/framework/web/CController.php:336
Stack trace:
#0 /var/www/framework/web/CController.php(309): CController->invalidActionParams(Object(CInlineAction))
#1 /var/www/framework/web/filters/CFilterChain.php(133): CController->runAction(Object(CInlineAction))
#2 /var/www/framework/web/filters/CFilter.php(40): CFilterChain->run()
#3 /var/www/framework/web/CController.php(1145): CFilter->filter(Object(CFilterChain))
#4 /var/www/framework/web/filters/CInlineFilter.php(58): CController->filterAccessControl(Object(CFilterChain))
#5 /var/www/framework/web/filters/CFilterChain.php(130): CInlineFilter->filter(Object(CFilterChain))
#6 /var/www/framework/web/CController.php(291): CFilterChain->run()
#7 /var/www/framework/web/CController.php(265): CController->runActionWithFilters(Object(CInlineAction), Array)
#8 /var/www/framework/web/CWebApplication.php(282): CController->run('update')
#9 /var/www/framework/web/CWebApplication.php(141): CWebApplication->runController('production/upda...')
#10 /var/www/framework/base/CApplication.php(169): CWebApplication->processRequest()
#11 /var/www/poultry/index.php(13): CApplication->run()
#12 {main}
REQUEST_URI=/poultry/index.php/production/update
---
2013/04/20 23:51:02 [error] [exception.CHttpException.400] exception 'CHttpException' with message 'Your request is invalid.' in /var/www/framework/web/CController.php:336
Stack trace:
#0 /var/www/framework/web/CController.php(309): CController->invalidActionParams(Object(CInlineAction))
#1 /var/www/framework/web/filters/CFilterChain.php(133): CController->runAction(Object(CInlineAction))
#2 /var/www/framework/web/filters/CFilter.php(40): CFilterChain->run()
#3 /var/www/framework/web/CController.php(1145): CFilter->filter(Object(CFilterChain))
#4 /var/www/framework/web/filters/CInlineFilter.php(58): CController->filterAccessControl(Object(CFilterChain))
#5 /var/www/framework/web/filters/CFilterChain.php(130): CInlineFilter->filter(Object(CFilterChain))
#6 /var/www/framework/web/CController.php(291): CFilterChain->run()
#7 /var/www/framework/web/CController.php(265): CController->runActionWithFilters(Object(CInlineAction), Array)
#8 /var/www/framework/web/CWebApplication.php(282): CController->run('update')
#9 /var/www/framework/web/CWebApplication.php(141): CWebApplication->runController('production/upda...')
#10 /var/www/framework/base/CApplication.php(169): CWebApplication->processRequest()
#11 /var/www/poultry/index.php(13): CApplication->run()
#12 {main}
REQUEST_URI=/poultry/index.php/production/update
---
2013/04/20 23:51:02 [error] [exception.CHttpException.400] exception 'CHttpException' with message 'Your request is invalid.' in /var/www/framework/web/CController.php:336
Stack trace:
#0 /var/www/framework/web/CController.php(309): CController->invalidActionParams(Object(CInlineAction))
#1 /var/www/framework/web/filters/CFilterChain.php(133): CController->runAction(Object(CInlineAction))
#2 /var/www/framework/web/filters/CFilter.php(40): CFilterChain->run()
#3 /var/www/framework/web/CController.php(1145): CFilter->filter(Object(CFilterChain))
#4 /var/www/framework/web/filters/CInlineFilter.php(58): CController->filterAccessControl(Object(CFilterChain))
#5 /var/www/framework/web/filters/CFilterChain.php(130): CInlineFilter->filter(Object(CFilterChain))
#6 /var/www/framework/web/CController.php(291): CFilterChain->run()
#7 /var/www/framework/web/CController.php(265): CController->runActionWithFilters(Object(CInlineAction), Array)
#8 /var/www/framework/web/CWebApplication.php(282): CController->run('update')
#9 /var/www/framework/web/CWebApplication.php(141): CWebApplication->runController('production/upda...')
#10 /var/www/framework/base/CApplication.php(169): CWebApplication->processRequest()
#11 /var/www/poultry/index.php(13): CApplication->run()
#12 {main}
REQUEST_URI=/poultry/index.php/production/update
---
2013/04/20 23:51:26 [error] [exception.CHttpException.400] exception 'CHttpException' with message 'Your request is invalid.' in /var/www/framework/web/CController.php:336
Stack trace:
#0 /var/www/framework/web/CController.php(309): CController->invalidActionParams(Object(CInlineAction))
#1 /var/www/framework/web/filters/CFilterChain.php(133): CController->runAction(Object(CInlineAction))
#2 /var/www/framework/web/filters/CFilter.php(40): CFilterChain->run()
#3 /var/www/framework/web/CController.php(1145): CFilter->filter(Object(CFilterChain))
#4 /var/www/framework/web/filters/CInlineFilter.php(58): CController->filterAccessControl(Object(CFilterChain))
#5 /var/www/framework/web/filters/CFilterChain.php(130): CInlineFilter->filter(Object(CFilterChain))
#6 /var/www/framework/web/CController.php(291): CFilterChain->run()
#7 /var/www/framework/web/CController.php(265): CController->runActionWithFilters(Object(CInlineAction), Array)
#8 /var/www/framework/web/CWebApplication.php(282): CController->run('update')
#9 /var/www/framework/web/CWebApplication.php(141): CWebApplication->runController('production/upda...')
#10 /var/www/framework/base/CApplication.php(169): CWebApplication->processRequest()
#11 /var/www/poultry/index.php(13): CApplication->run()
#12 {main}
REQUEST_URI=/poultry/index.php/production/update
---
2013/04/20 23:51:32 [error] [exception.CHttpException.400] exception 'CHttpException' with message 'Your request is invalid.' in /var/www/framework/web/CController.php:336
Stack trace:
#0 /var/www/framework/web/CController.php(309): CController->invalidActionParams(Object(CInlineAction))
#1 /var/www/framework/web/filters/CFilterChain.php(133): CController->runAction(Object(CInlineAction))
#2 /var/www/framework/web/filters/CFilter.php(40): CFilterChain->run()
#3 /var/www/framework/web/CController.php(1145): CFilter->filter(Object(CFilterChain))
#4 /var/www/framework/web/filters/CInlineFilter.php(58): CController->filterAccessControl(Object(CFilterChain))
#5 /var/www/framework/web/filters/CFilterChain.php(130): CInlineFilter->filter(Object(CFilterChain))
#6 /var/www/framework/web/CController.php(291): CFilterChain->run()
#7 /var/www/framework/web/CController.php(265): CController->runActionWithFilters(Object(CInlineAction), Array)
#8 /var/www/framework/web/CWebApplication.php(282): CController->run('update')
#9 /var/www/framework/web/CWebApplication.php(141): CWebApplication->runController('production/upda...')
#10 /var/www/framework/base/CApplication.php(169): CWebApplication->processRequest()
#11 /var/www/poultry/index.php(13): CApplication->run()
#12 {main}
REQUEST_URI=/poultry/index.php/production/update
---
2013/04/20 23:51:48 [error] [exception.CHttpException.400] exception 'CHttpException' with message 'Your request is invalid.' in /var/www/framework/web/CController.php:336
Stack trace:
#0 /var/www/framework/web/CController.php(309): CController->invalidActionParams(Object(CInlineAction))
#1 /var/www/framework/web/filters/CFilterChain.php(133): CController->runAction(Object(CInlineAction))
#2 /var/www/framework/web/filters/CFilter.php(40): CFilterChain->run()
#3 /var/www/framework/web/CController.php(1145): CFilter->filter(Object(CFilterChain))
#4 /var/www/framework/web/filters/CInlineFilter.php(58): CController->filterAccessControl(Object(CFilterChain))
#5 /var/www/framework/web/filters/CFilterChain.php(130): CInlineFilter->filter(Object(CFilterChain))
#6 /var/www/framework/web/CController.php(291): CFilterChain->run()
#7 /var/www/framework/web/CController.php(265): CController->runActionWithFilters(Object(CInlineAction), Array)
#8 /var/www/framework/web/CWebApplication.php(282): CController->run('update')
#9 /var/www/framework/web/CWebApplication.php(141): CWebApplication->runController('production/upda...')
#10 /var/www/framework/base/CApplication.php(169): CWebApplication->processRequest()
#11 /var/www/poultry/index.php(13): CApplication->run()
#12 {main}
REQUEST_URI=/poultry/index.php/production/update
---
2013/04/20 23:54:50 [warning] [application] Failed to set unsafe attribute "tag" of "Production".
in /var/www/poultry/protected/controllers/ProductionController.php (72)
in /var/www/poultry/index.php (13)
2013/04/20 23:55:28 [warning] [application] Failed to set unsafe attribute "tag" of "Production".
in /var/www/poultry/protected/controllers/ProductionController.php (72)
in /var/www/poultry/index.php (13)
2013/04/20 23:56:11 [warning] [application] Failed to set unsafe attribute "tag" of "Production".
in /var/www/poultry/protected/controllers/ProductionController.php (72)
in /var/www/poultry/index.php (13)
2013/04/20 23:56:11 [warning] [application] Failed to set unsafe attribute "tag" of "Production".
in /var/www/poultry/protected/controllers/ProductionController.php (72)
in /var/www/poultry/index.php (13)
2013/04/20 23:56:18 [error] [exception.CHttpException.400] exception 'CHttpException' with message 'Your request is invalid.' in /var/www/framework/web/CController.php:336
Stack trace:
#0 /var/www/framework/web/CController.php(309): CController->invalidActionParams(Object(CInlineAction))
#1 /var/www/framework/web/filters/CFilterChain.php(133): CController->runAction(Object(CInlineAction))
#2 /var/www/framework/web/filters/CFilter.php(40): CFilterChain->run()
#3 /var/www/framework/web/CController.php(1145): CFilter->filter(Object(CFilterChain))
#4 /var/www/framework/web/filters/CInlineFilter.php(58): CController->filterAccessControl(Object(CFilterChain))
#5 /var/www/framework/web/filters/CFilterChain.php(130): CInlineFilter->filter(Object(CFilterChain))
#6 /var/www/framework/web/CController.php(291): CFilterChain->run()
#7 /var/www/framework/web/CController.php(265): CController->runActionWithFilters(Object(CInlineAction), Array)
#8 /var/www/framework/web/CWebApplication.php(282): CController->run('update')
#9 /var/www/framework/web/CWebApplication.php(141): CWebApplication->runController('production/upda...')
#10 /var/www/framework/base/CApplication.php(169): CWebApplication->processRequest()
#11 /var/www/poultry/index.php(13): CApplication->run()
#12 {main}
REQUEST_URI=/poultry/index.php/production/update
---
2013/04/20 23:57:16 [error] [exception.CHttpException.400] exception 'CHttpException' with message 'Your request is invalid.' in /var/www/framework/web/CController.php:336
Stack trace:
#0 /var/www/framework/web/CController.php(309): CController->invalidActionParams(Object(CInlineAction))
#1 /var/www/framework/web/filters/CFilterChain.php(133): CController->runAction(Object(CInlineAction))
#2 /var/www/framework/web/filters/CFilter.php(40): CFilterChain->run()
#3 /var/www/framework/web/CController.php(1145): CFilter->filter(Object(CFilterChain))
#4 /var/www/framework/web/filters/CInlineFilter.php(58): CController->filterAccessControl(Object(CFilterChain))
#5 /var/www/framework/web/filters/CFilterChain.php(130): CInlineFilter->filter(Object(CFilterChain))
#6 /var/www/framework/web/CController.php(291): CFilterChain->run()
#7 /var/www/framework/web/CController.php(265): CController->runActionWithFilters(Object(CInlineAction), Array)
#8 /var/www/framework/web/CWebApplication.php(282): CController->run('update')
#9 /var/www/framework/web/CWebApplication.php(141): CWebApplication->runController('production/upda...')
#10 /var/www/framework/base/CApplication.php(169): CWebApplication->processRequest()
#11 /var/www/poultry/index.php(13): CApplication->run()
#12 {main}
REQUEST_URI=/poultry/index.php/production/update
---
2013/04/20 23:57:38 [error] [exception.CHttpException.400] exception 'CHttpException' with message 'Your request is invalid.' in /var/www/framework/web/CController.php:336
Stack trace:
#0 /var/www/framework/web/CController.php(309): CController->invalidActionParams(Object(CInlineAction))
#1 /var/www/framework/web/filters/CFilterChain.php(133): CController->runAction(Object(CInlineAction))
#2 /var/www/framework/web/filters/CFilter.php(40): CFilterChain->run()
#3 /var/www/framework/web/CController.php(1145): CFilter->filter(Object(CFilterChain))
#4 /var/www/framework/web/filters/CInlineFilter.php(58): CController->filterAccessControl(Object(CFilterChain))
#5 /var/www/framework/web/filters/CFilterChain.php(130): CInlineFilter->filter(Object(CFilterChain))
#6 /var/www/framework/web/CController.php(291): CFilterChain->run()
#7 /var/www/framework/web/CController.php(265): CController->runActionWithFilters(Object(CInlineAction), Array)
#8 /var/www/framework/web/CWebApplication.php(282): CController->run('update')
#9 /var/www/framework/web/CWebApplication.php(141): CWebApplication->runController('production/upda...')
#10 /var/www/framework/base/CApplication.php(169): CWebApplication->processRequest()
#11 /var/www/poultry/index.php(13): CApplication->run()
#12 {main}
REQUEST_URI=/poultry/index.php/production/update
---
2013/04/20 23:57:38 [error] [exception.CHttpException.400] exception 'CHttpException' with message 'Your request is invalid.' in /var/www/framework/web/CController.php:336
Stack trace:
#0 /var/www/framework/web/CController.php(309): CController->invalidActionParams(Object(CInlineAction))
#1 /var/www/framework/web/filters/CFilterChain.php(133): CController->runAction(Object(CInlineAction))
#2 /var/www/framework/web/filters/CFilter.php(40): CFilterChain->run()
#3 /var/www/framework/web/CController.php(1145): CFilter->filter(Object(CFilterChain))
#4 /var/www/framework/web/filters/CInlineFilter.php(58): CController->filterAccessControl(Object(CFilterChain))
#5 /var/www/framework/web/filters/CFilterChain.php(130): CInlineFilter->filter(Object(CFilterChain))
#6 /var/www/framework/web/CController.php(291): CFilterChain->run()
#7 /var/www/framework/web/CController.php(265): CController->runActionWithFilters(Object(CInlineAction), Array)
#8 /var/www/framework/web/CWebApplication.php(282): CController->run('update')
#9 /var/www/framework/web/CWebApplication.php(141): CWebApplication->runController('production/upda...')
#10 /var/www/framework/base/CApplication.php(169): CWebApplication->processRequest()
#11 /var/www/poultry/index.php(13): CApplication->run()
#12 {main}
REQUEST_URI=/poultry/index.php/production/update
---
2013/04/20 23:57:47 [error] [exception.CHttpException.400] exception 'CHttpException' with message 'Your request is invalid.' in /var/www/framework/web/CController.php:336
Stack trace:
#0 /var/www/framework/web/CController.php(309): CController->invalidActionParams(Object(CInlineAction))
#1 /var/www/framework/web/filters/CFilterChain.php(133): CController->runAction(Object(CInlineAction))
#2 /var/www/framework/web/filters/CFilter.php(40): CFilterChain->run()
#3 /var/www/framework/web/CController.php(1145): CFilter->filter(Object(CFilterChain))
#4 /var/www/framework/web/filters/CInlineFilter.php(58): CController->filterAccessControl(Object(CFilterChain))
#5 /var/www/framework/web/filters/CFilterChain.php(130): CInlineFilter->filter(Object(CFilterChain))
#6 /var/www/framework/web/CController.php(291): CFilterChain->run()
#7 /var/www/framework/web/CController.php(265): CController->runActionWithFilters(Object(CInlineAction), Array)
#8 /var/www/framework/web/CWebApplication.php(282): CController->run('update')
#9 /var/www/framework/web/CWebApplication.php(141): CWebApplication->runController('production/upda...')
#10 /var/www/framework/base/CApplication.php(169): CWebApplication->processRequest()
#11 /var/www/poultry/index.php(13): CApplication->run()
#12 {main}
REQUEST_URI=/poultry/index.php/production/update
---
2013/04/20 23:59:40 [error] [php] Use of undefined constant nul - assumed 'nul' (/var/www/framework/web/actions/CAction.php:104)
Stack trace:
#0 /var/www/framework/web/CController.php(308): CInlineAction->runWithParams()
#1 /var/www/framework/web/filters/CFilterChain.php(133): ProductionController->runAction()
#2 /var/www/framework/web/filters/CFilter.php(40): CFilterChain->run()
#3 /var/www/framework/web/CController.php(1145): CAccessControlFilter->filter()
#4 /var/www/framework/web/filters/CInlineFilter.php(58): ProductionController->filterAccessControl()
#5 /var/www/framework/web/filters/CFilterChain.php(130): CInlineFilter->filter()
#6 /var/www/framework/web/CController.php(291): CFilterChain->run()
#7 /var/www/framework/web/CController.php(265): ProductionController->runActionWithFilters()
#8 /var/www/framework/web/CWebApplication.php(282): ProductionController->run()
#9 /var/www/framework/web/CWebApplication.php(141): CWebApplication->runController()
#10 /var/www/framework/base/CApplication.php(169): CWebApplication->processRequest()
#11 /var/www/poultry/index.php(13): CWebApplication->run()
REQUEST_URI=/poultry/index.php/production/update
in /var/www/poultry/index.php (13)
2013/04/20 23:59:54 [error] [php] Use of undefined constant nul1 - assumed 'nul1' (/var/www/framework/web/actions/CAction.php:104)
Stack trace:
#0 /var/www/framework/web/CController.php(308): CInlineAction->runWithParams()
#1 /var/www/framework/web/filters/CFilterChain.php(133): ProductionController->runAction()
#2 /var/www/framework/web/filters/CFilter.php(40): CFilterChain->run()
#3 /var/www/framework/web/CController.php(1145): CAccessControlFilter->filter()
#4 /var/www/framework/web/filters/CInlineFilter.php(58): ProductionController->filterAccessControl()
#5 /var/www/framework/web/filters/CFilterChain.php(130): CInlineFilter->filter()
#6 /var/www/framework/web/CController.php(291): CFilterChain->run()
#7 /var/www/framework/web/CController.php(265): ProductionController->runActionWithFilters()
#8 /var/www/framework/web/CWebApplication.php(282): ProductionController->run()
#9 /var/www/framework/web/CWebApplication.php(141): CWebApplication->runController()
#10 /var/www/framework/base/CApplication.php(169): CWebApplication->processRequest()
#11 /var/www/poultry/index.php(13): CWebApplication->run()
REQUEST_URI=/poultry/index.php/production/update
in /var/www/poultry/index.php (13)
2013/04/21 00:03:51 [warning] [application] Failed to set unsafe attribute "tag" of "Production".
in /var/www/poultry/protected/controllers/ProductionController.php (119)
in /var/www/poultry/index.php (13)
2013/04/21 00:03:51 [warning] [application] Failed to set unsafe attribute "id" of "Production".
in /var/www/poultry/protected/controllers/ProductionController.php (119)
in /var/www/poultry/index.php (13)
2013/04/21 00:04:10 [warning] [application] Failed to set unsafe attribute "tag" of "Production".
in /var/www/poultry/protected/controllers/ProductionController.php (119)
in /var/www/poultry/index.php (13)
2013/04/21 00:04:10 [warning] [application] Failed to set unsafe attribute "id" of "Production".
in /var/www/poultry/protected/controllers/ProductionController.php (119)
in /var/www/poultry/index.php (13)
2013/04/21 00:05:00 [warning] [application] Failed to set unsafe attribute "tag" of "Production".
in /var/www/poultry/protected/controllers/ProductionController.php (119)
in /var/www/poultry/index.php (13)
2013/04/21 00:05:00 [warning] [application] Failed to set unsafe attribute "id" of "Production".
in /var/www/poultry/protected/controllers/ProductionController.php (119)
in /var/www/poultry/index.php (13)
2013/04/21 00:05:35 [warning] [application] Failed to set unsafe attribute "tag" of "Production".
in /var/www/poultry/protected/controllers/ProductionController.php (119)
in /var/www/poultry/index.php (13)
2013/04/21 00:05:35 [warning] [application] Failed to set unsafe attribute "id" of "Production".
in /var/www/poultry/protected/controllers/ProductionController.php (119)
in /var/www/poultry/index.php (13)
2013/04/21 00:05:59 [warning] [application] Failed to set unsafe attribute "tag" of "Production".
in /var/www/poultry/protected/controllers/ProductionController.php (119)
in /var/www/poultry/index.php (13)
2013/04/21 00:05:59 [warning] [application] Failed to set unsafe attribute "id" of "Production".
in /var/www/poultry/protected/controllers/ProductionController.php (119)
in /var/www/poultry/index.php (13)
2013/04/21 00:12:24 [error] [exception.CHttpException.400] exception 'CHttpException' with message 'Your request is invalid.' in /var/www/framework/web/CController.php:336
Stack trace:
#0 /var/www/framework/web/CController.php(309): CController->invalidActionParams(Object(CInlineAction))
#1 /var/www/framework/web/filters/CFilterChain.php(133): CController->runAction(Object(CInlineAction))
#2 /var/www/framework/web/filters/CFilter.php(40): CFilterChain->run()
#3 /var/www/framework/web/CController.php(1145): CFilter->filter(Object(CFilterChain))
#4 /var/www/framework/web/filters/CInlineFilter.php(58): CController->filterAccessControl(Object(CFilterChain))
#5 /var/www/framework/web/filters/CFilterChain.php(130): CInlineFilter->filter(Object(CFilterChain))
#6 /var/www/framework/web/CController.php(291): CFilterChain->run()
#7 /var/www/framework/web/CController.php(265): CController->runActionWithFilters(Object(CInlineAction), Array)
#8 /var/www/framework/web/CWebApplication.php(282): CController->run('update')
#9 /var/www/framework/web/CWebApplication.php(141): CWebApplication->runController('stock/update')
#10 /var/www/framework/base/CApplication.php(169): CWebApplication->processRequest()
#11 /var/www/poultry/index.php(13): CApplication->run()
#12 {main}
REQUEST_URI=/poultry/index.php/stock/update
---
2013/04/21 00:14:04 [error] [exception.CHttpException.400] exception 'CHttpException' with message 'Your request is invalid.' in /var/www/framework/web/CController.php:336
Stack trace:
#0 /var/www/framework/web/CController.php(309): CController->invalidActionParams(Object(CInlineAction))
#1 /var/www/framework/web/filters/CFilterChain.php(133): CController->runAction(Object(CInlineAction))
#2 /var/www/framework/web/filters/CFilter.php(40): CFilterChain->run()
#3 /var/www/framework/web/CController.php(1145): CFilter->filter(Object(CFilterChain))
#4 /var/www/framework/web/filters/CInlineFilter.php(58): CController->filterAccessControl(Object(CFilterChain))
#5 /var/www/framework/web/filters/CFilterChain.php(130): CInlineFilter->filter(Object(CFilterChain))
#6 /var/www/framework/web/CController.php(291): CFilterChain->run()
#7 /var/www/framework/web/CController.php(265): CController->runActionWithFilters(Object(CInlineAction), Array)
#8 /var/www/framework/web/CWebApplication.php(282): CController->run('update')
#9 /var/www/framework/web/CWebApplication.php(141): CWebApplication->runController('stock/update')
#10 /var/www/framework/base/CApplication.php(169): CWebApplication->processRequest()
#11 /var/www/poultry/index.php(13): CApplication->run()
#12 {main}
REQUEST_URI=/poultry/index.php/stock/update
---
2013/04/21 00:16:09 [error] [exception.CHttpException.400] exception 'CHttpException' with message 'Your request is invalid.' in /var/www/framework/web/CController.php:336
Stack trace:
#0 /var/www/framework/web/CController.php(309): CController->invalidActionParams(Object(CInlineAction))
#1 /var/www/framework/web/filters/CFilterChain.php(133): CController->runAction(Object(CInlineAction))
#2 /var/www/framework/web/filters/CFilter.php(40): CFilterChain->run()
#3 /var/www/framework/web/CController.php(1145): CFilter->filter(Object(CFilterChain))
#4 /var/www/framework/web/filters/CInlineFilter.php(58): CController->filterAccessControl(Object(CFilterChain))
#5 /var/www/framework/web/filters/CFilterChain.php(130): CInlineFilter->filter(Object(CFilterChain))
#6 /var/www/framework/web/CController.php(291): CFilterChain->run()
#7 /var/www/framework/web/CController.php(265): CController->runActionWithFilters(Object(CInlineAction), Array)
#8 /var/www/framework/web/CWebApplication.php(282): CController->run('update')
#9 /var/www/framework/web/CWebApplication.php(141): CWebApplication->runController('stock/update')
#10 /var/www/framework/base/CApplication.php(169): CWebApplication->processRequest()
#11 /var/www/poultry/index.php(13): CApplication->run()
#12 {main}
REQUEST_URI=/poultry/index.php/stock/update
---
2013/04/21 00:16:27 [error] [exception.CHttpException.400] exception 'CHttpException' with message 'Your request is invalid.' in /var/www/framework/web/CController.php:336
Stack trace:
#0 /var/www/framework/web/CController.php(309): CController->invalidActionParams(Object(CInlineAction))
#1 /var/www/framework/web/filters/CFilterChain.php(133): CController->runAction(Object(CInlineAction))
#2 /var/www/framework/web/filters/CFilter.php(40): CFilterChain->run()
#3 /var/www/framework/web/CController.php(1145): CFilter->filter(Object(CFilterChain))
#4 /var/www/framework/web/filters/CInlineFilter.php(58): CController->filterAccessControl(Object(CFilterChain))
#5 /var/www/framework/web/filters/CFilterChain.php(130): CInlineFilter->filter(Object(CFilterChain))
#6 /var/www/framework/web/CController.php(291): CFilterChain->run()
#7 /var/www/framework/web/CController.php(265): CController->runActionWithFilters(Object(CInlineAction), Array)
#8 /var/www/framework/web/CWebApplication.php(282): CController->run('update')
#9 /var/www/framework/web/CWebApplication.php(141): CWebApplication->runController('stock/update')
#10 /var/www/framework/base/CApplication.php(169): CWebApplication->processRequest()
#11 /var/www/poultry/index.php(13): CApplication->run()
#12 {main}
REQUEST_URI=/poultry/index.php/stock/update
---
2013/04/21 00:16:56 [error] [exception.CHttpException.400] exception 'CHttpException' with message 'Your request is invalid.' in /var/www/framework/web/CController.php:336
Stack trace:
#0 /var/www/framework/web/CController.php(309): CController->invalidActionParams(Object(CInlineAction))
#1 /var/www/framework/web/filters/CFilterChain.php(133): CController->runAction(Object(CInlineAction))
#2 /var/www/framework/web/filters/CFilter.php(40): CFilterChain->run()
#3 /var/www/framework/web/CController.php(1145): CFilter->filter(Object(CFilterChain))
#4 /var/www/framework/web/filters/CInlineFilter.php(58): CController->filterAccessControl(Object(CFilterChain))
#5 /var/www/framework/web/filters/CFilterChain.php(130): CInlineFilter->filter(Object(CFilterChain))
#6 /var/www/framework/web/CController.php(291): CFilterChain->run()
#7 /var/www/framework/web/CController.php(265): CController->runActionWithFilters(Object(CInlineAction), Array)
#8 /var/www/framework/web/CWebApplication.php(282): CController->run('update')
#9 /var/www/framework/web/CWebApplication.php(141): CWebApplication->runController('stock/update')
#10 /var/www/framework/base/CApplication.php(169): CWebApplication->processRequest()
#11 /var/www/poultry/index.php(13): CApplication->run()
#12 {main}
REQUEST_URI=/poultry/index.php/stock/update
---
2013/04/21 00:17:13 [error] [exception.CHttpException.400] exception 'CHttpException' with message 'Your request is invalid.' in /var/www/framework/web/CController.php:336
Stack trace:
#0 /var/www/framework/web/CController.php(309): CController->invalidActionParams(Object(CInlineAction))
#1 /var/www/framework/web/filters/CFilterChain.php(133): CController->runAction(Object(CInlineAction))
#2 /var/www/framework/web/filters/CFilter.php(40): CFilterChain->run()
#3 /var/www/framework/web/CController.php(1145): CFilter->filter(Object(CFilterChain))
#4 /var/www/framework/web/filters/CInlineFilter.php(58): CController->filterAccessControl(Object(CFilterChain))
#5 /var/www/framework/web/filters/CFilterChain.php(130): CInlineFilter->filter(Object(CFilterChain))
#6 /var/www/framework/web/CController.php(291): CFilterChain->run()
#7 /var/www/framework/web/CController.php(265): CController->runActionWithFilters(Object(CInlineAction), Array)
#8 /var/www/framework/web/CWebApplication.php(282): CController->run('update')
#9 /var/www/framework/web/CWebApplication.php(141): CWebApplication->runController('stock/update')
#10 /var/www/framework/base/CApplication.php(169): CWebApplication->processRequest()
#11 /var/www/poultry/index.php(13): CApplication->run()
#12 {main}
REQUEST_URI=/poultry/index.php/stock/update
---
2013/04/21 00:20:26 [warning] [application] Failed to set unsafe attribute "tag" of "Stock".
in /var/www/poultry/protected/controllers/StockController.php (119)
in /var/www/poultry/index.php (13)
2013/04/21 00:20:26 [warning] [application] Failed to set unsafe attribute "id" of "Stock".
in /var/www/poultry/protected/controllers/StockController.php (119)
in /var/www/poultry/index.php (13)
2013/04/21 00:20:27 [error] [exception.CException] exception 'CException' with message 'Property "Stock.token" is not defined.' in /var/www/framework/base/CComponent.php:130
Stack trace:
#0 /var/www/framework/db/ar/CActiveRecord.php(143): CComponent->__get('token')
#1 /var/www/poultry/protected/controllers/StockController.php(123): CActiveRecord->__get('token')
#2 [internal function]: StockController->actionUpdate(NULL)
#3 /var/www/framework/web/actions/CAction.php(108): ReflectionMethod->invokeArgs(Object(StockController), Array)
#4 /var/www/framework/web/actions/CInlineAction.php(47): CAction->runWithParamsInternal(Object(StockController), Object(ReflectionMethod), Array)
#5 /var/www/framework/web/CController.php(308): CInlineAction->runWithParams(Array)
#6 /var/www/framework/web/filters/CFilterChain.php(133): CController->runAction(Object(CInlineAction))
#7 /var/www/framework/web/filters/CFilter.php(40): CFilterChain->run()
#8 /var/www/framework/web/CController.php(1145): CFilter->filter(Object(CFilterChain))
#9 /var/www/framework/web/filters/CInlineFilter.php(58): CController->filterAccessControl(Object(CFilterChain))
#10 /var/www/framework/web/filters/CFilterChain.php(130): CInlineFilter->filter(Object(CFilterChain))
#11 /var/www/framework/web/CController.php(291): CFilterChain->run()
#12 /var/www/framework/web/CController.php(265): CController->runActionWithFilters(Object(CInlineAction), Array)
#13 /var/www/framework/web/CWebApplication.php(282): CController->run('update')
#14 /var/www/framework/web/CWebApplication.php(141): CWebApplication->runController('stock/update')
#15 /var/www/framework/base/CApplication.php(169): CWebApplication->processRequest()
#16 /var/www/poultry/index.php(13): CApplication->run()
#17 {main}
REQUEST_URI=/poultry/index.php/stock/update
---
2013/04/21 00:21:17 [warning] [application] Failed to set unsafe attribute "tag" of "Stock".
in /var/www/poultry/protected/controllers/StockController.php (119)
in /var/www/poultry/index.php (13)
2013/04/21 00:21:17 [warning] [application] Failed to set unsafe attribute "id" of "Stock".
in /var/www/poultry/protected/controllers/StockController.php (119)
in /var/www/poultry/index.php (13)
2013/04/21 00:59:24 [warning] [application] Failed to set unsafe attribute "tag" of "Diseases".
in /var/www/poultry/protected/controllers/DiseasesController.php (142)
in /var/www/poultry/index.php (13)
2013/04/21 01:03:55 [error] [php] Undefined index: Diseases (/var/www/poultry/protected/controllers/DiseasesController.php:136)
Stack trace:
#0 /var/www/framework/web/filters/CFilterChain.php(133): DiseasesController->runAction()
#1 /var/www/framework/web/filters/CFilter.php(40): CFilterChain->run()
#2 /var/www/framework/web/CController.php(1145): CAccessControlFilter->filter()
#3 /var/www/framework/web/filters/CInlineFilter.php(58): DiseasesController->filterAccessControl()
#4 /var/www/framework/web/filters/CFilterChain.php(130): CInlineFilter->filter()
#5 /var/www/framework/web/CController.php(291): CFilterChain->run()
#6 /var/www/framework/web/CController.php(265): DiseasesController->runActionWithFilters()
#7 /var/www/framework/web/CWebApplication.php(282): DiseasesController->run()
#8 /var/www/framework/web/CWebApplication.php(141): CWebApplication->runController()
#9 /var/www/framework/base/CApplication.php(169): CWebApplication->processRequest()
#10 /var/www/poultry/index.php(13): CWebApplication->run()
REQUEST_URI=/poultry/index.php/diseases/admin
in /var/www/poultry/protected/controllers/DiseasesController.php (136)
in /var/www/poultry/index.php (13)
2013/04/21 01:04:21 [error] [php] Undefined index: Diseases (/var/www/poultry/protected/controllers/DiseasesController.php:136)
Stack trace:
#0 /var/www/framework/web/filters/CFilterChain.php(133): DiseasesController->runAction()
#1 /var/www/framework/web/filters/CFilter.php(40): CFilterChain->run()
#2 /var/www/framework/web/CController.php(1145): CAccessControlFilter->filter()
#3 /var/www/framework/web/filters/CInlineFilter.php(58): DiseasesController->filterAccessControl()
#4 /var/www/framework/web/filters/CFilterChain.php(130): CInlineFilter->filter()
#5 /var/www/framework/web/CController.php(291): CFilterChain->run()
#6 /var/www/framework/web/CController.php(265): DiseasesController->runActionWithFilters()
#7 /var/www/framework/web/CWebApplication.php(282): DiseasesController->run()
#8 /var/www/framework/web/CWebApplication.php(141): CWebApplication->runController()
#9 /var/www/framework/base/CApplication.php(169): CWebApplication->processRequest()
#10 /var/www/poultry/index.php(13): CWebApplication->run()
REQUEST_URI=/poultry/index.php/diseases/admin
in /var/www/poultry/protected/controllers/DiseasesController.php (136)
in /var/www/poultry/index.php (13)
2013/04/21 01:04:54 [error] [exception.CHttpException.404] exception 'CHttpException' with message 'The requested page does not exist.' in /var/www/poultry/protected/controllers/StockController.php:191
Stack trace:
#0 /var/www/poultry/protected/controllers/StockController.php(112): StockController->loadModel(NULL)
#1 [internal function]: StockController->actionUpdate(NULL)
#2 /var/www/framework/web/actions/CAction.php(108): ReflectionMethod->invokeArgs(Object(StockController), Array)
#3 /var/www/framework/web/actions/CInlineAction.php(47): CAction->runWithParamsInternal(Object(StockController), Object(ReflectionMethod), Array)
#4 /var/www/framework/web/CController.php(308): CInlineAction->runWithParams(Array)
#5 /var/www/framework/web/filters/CFilterChain.php(133): CController->runAction(Object(CInlineAction))
#6 /var/www/framework/web/filters/CFilter.php(40): CFilterChain->run()
#7 /var/www/framework/web/CController.php(1145): CFilter->filter(Object(CFilterChain))
#8 /var/www/framework/web/filters/CInlineFilter.php(58): CController->filterAccessControl(Object(CFilterChain))
#9 /var/www/framework/web/filters/CFilterChain.php(130): CInlineFilter->filter(Object(CFilterChain))
#10 /var/www/framework/web/CController.php(291): CFilterChain->run()
#11 /var/www/framework/web/CController.php(265): CController->runActionWithFilters(Object(CInlineAction), Array)
#12 /var/www/framework/web/CWebApplication.php(282): CController->run('update')
#13 /var/www/framework/web/CWebApplication.php(141): CWebApplication->runController('stock/update')
#14 /var/www/framework/base/CApplication.php(169): CWebApplication->processRequest()
#15 /var/www/poultry/index.php(13): CApplication->run()
#16 {main}
REQUEST_URI=/poultry/index.php/stock/update
---
2013/04/21 01:05:11 [error] [php] Undefined index: Diseases (/var/www/poultry/protected/controllers/DiseasesController.php:136)
Stack trace:
#0 /var/www/framework/web/filters/CFilterChain.php(133): DiseasesController->runAction()
#1 /var/www/framework/web/filters/CFilter.php(40): CFilterChain->run()
#2 /var/www/framework/web/CController.php(1145): CAccessControlFilter->filter()
#3 /var/www/framework/web/filters/CInlineFilter.php(58): DiseasesController->filterAccessControl()
#4 /var/www/framework/web/filters/CFilterChain.php(130): CInlineFilter->filter()
#5 /var/www/framework/web/CController.php(291): CFilterChain->run()
#6 /var/www/framework/web/CController.php(265): DiseasesController->runActionWithFilters()
#7 /var/www/framework/web/CWebApplication.php(282): DiseasesController->run()
#8 /var/www/framework/web/CWebApplication.php(141): CWebApplication->runController()
#9 /var/www/framework/base/CApplication.php(169): CWebApplication->processRequest()
#10 /var/www/poultry/index.php(13): CWebApplication->run()
REQUEST_URI=/poultry/index.php/diseases/admin
in /var/www/poultry/protected/controllers/DiseasesController.php (136)
in /var/www/poultry/index.php (13)
2013/04/21 01:05:28 [warning] [application] Failed to set unsafe attribute "tag" of "Diseases".
in /var/www/poultry/protected/controllers/DiseasesController.php (144)
in /var/www/poultry/index.php (13)
2013/04/21 01:06:09 [warning] [application] Failed to set unsafe attribute "tag" of "Diseases".
in /var/www/poultry/protected/controllers/DiseasesController.php (144)
in /var/www/poultry/index.php (13)
2013/04/21 01:06:46 [warning] [application] Failed to set unsafe attribute "tag" of "Diseases".
in /var/www/poultry/protected/controllers/DiseasesController.php (144)
in /var/www/poultry/index.php (13)
2013/04/21 01:06:46 [warning] [application] Failed to set unsafe attribute "symptompts" of "Diseases".
in /var/www/poultry/protected/controllers/DiseasesController.php (144)
in /var/www/poultry/index.php (13)
2013/04/21 01:07:41 [warning] [application] Failed to set unsafe attribute "tag" of "Diseases".
in /var/www/poultry/protected/controllers/DiseasesController.php (144)
in /var/www/poultry/index.php (13)
2013/04/21 01:07:41 [warning] [application] Failed to set unsafe attribute "symptompts" of "Diseases".
in /var/www/poultry/protected/controllers/DiseasesController.php (144)
in /var/www/poultry/index.php (13)
2013/04/21 01:07:48 [warning] [application] Failed to set unsafe attribute "tag" of "Production".
in /var/www/poultry/protected/controllers/ProductionController.php (184)
in /var/www/poultry/index.php (13)
2013/04/21 01:07:53 [warning] [application] Failed to set unsafe attribute "tag" of "Production".
in /var/www/poultry/protected/controllers/ProductionController.php (184)
in /var/www/poultry/index.php (13)
2013/04/21 01:07:57 [warning] [application] Failed to set unsafe attribute "tag" of "Production".
in /var/www/poultry/protected/controllers/ProductionController.php (184)
in /var/www/poultry/index.php (13)
2013/04/21 01:08:13 [warning] [application] Failed to set unsafe attribute "tag" of "Production".
in /var/www/poultry/protected/controllers/ProductionController.php (184)
in /var/www/poultry/index.php (13)
2013/04/21 01:08:19 [warning] [application] Failed to set unsafe attribute "tag" of "Production".
in /var/www/poultry/protected/controllers/ProductionController.php (184)
in /var/www/poultry/index.php (13)
2013/04/21 01:08:28 [warning] [application] Failed to set unsafe attribute "tag" of "Production".
in /var/www/poultry/protected/controllers/ProductionController.php (184)
in /var/www/poultry/index.php (13)
2013/04/21 01:09:26 [warning] [application] Failed to set unsafe attribute "tag" of "Production".
in /var/www/poultry/protected/controllers/ProductionController.php (184)
in /var/www/poultry/index.php (13)
2013/04/21 01:09:36 [warning] [application] Failed to set unsafe attribute "tag" of "Diseases".
in /var/www/poultry/protected/controllers/DiseasesController.php (144)
in /var/www/poultry/index.php (13)
2013/04/21 01:41:11 [warning] [application] Failed to set unsafe attribute "tag" of "Raring".
in /var/www/poultry/protected/controllers/RaringController.php (144)
in /var/www/poultry/index.php (13)
2013/04/21 01:41:55 [warning] [application] Failed to set unsafe attribute "tag" of "Expenses".
in /var/www/poultry/protected/controllers/ExpensesController.php (72)
in /var/www/poultry/index.php (13)
2013/04/21 01:41:59 [warning] [application] Failed to set unsafe attribute "tag" of "Expenses".
in /var/www/poultry/protected/controllers/ExpensesController.php (72)
in /var/www/poultry/index.php (13)
2013/04/21 01:42:17 [warning] [application] Failed to set unsafe attribute "tag" of "Expenses".
in /var/www/poultry/protected/controllers/ExpensesController.php (72)
in /var/www/poultry/index.php (13)
2013/04/21 02:01:34 [error] [exception.CHttpException.404] exception 'CHttpException' with message 'The requested page does not exist.' in /var/www/poultry/protected/controllers/StockController.php:191
Stack trace:
#0 /var/www/poultry/protected/controllers/StockController.php(112): StockController->loadModel(NULL)
#1 [internal function]: StockController->actionUpdate(NULL)
#2 /var/www/framework/web/actions/CAction.php(108): ReflectionMethod->invokeArgs(Object(StockController), Array)
#3 /var/www/framework/web/actions/CInlineAction.php(47): CAction->runWithParamsInternal(Object(StockController), Object(ReflectionMethod), Array)
#4 /var/www/framework/web/CController.php(308): CInlineAction->runWithParams(Array)
#5 /var/www/framework/web/filters/CFilterChain.php(133): CController->runAction(Object(CInlineAction))
#6 /var/www/framework/web/filters/CFilter.php(40): CFilterChain->run()
#7 /var/www/framework/web/CController.php(1145): CFilter->filter(Object(CFilterChain))
#8 /var/www/framework/web/filters/CInlineFilter.php(58): CController->filterAccessControl(Object(CFilterChain))
#9 /var/www/framework/web/filters/CFilterChain.php(130): CInlineFilter->filter(Object(CFilterChain))
#10 /var/www/framework/web/CController.php(291): CFilterChain->run()
#11 /var/www/framework/web/CController.php(265): CController->runActionWithFilters(Object(CInlineAction), Array)
#12 /var/www/framework/web/CWebApplication.php(282): CController->run('update')
#13 /var/www/framework/web/CWebApplication.php(141): CWebApplication->runController('stock/update')
#14 /var/www/framework/base/CApplication.php(169): CWebApplication->processRequest()
#15 /var/www/poultry/index.php(13): CApplication->run()
#16 {main}
REQUEST_URI=/poultry/index.php/stock/update
---
2013/04/21 02:01:39 [warning] [application] Failed to set unsafe attribute "tag" of "Expenses".
in /var/www/poultry/protected/controllers/ExpensesController.php (72)
in /var/www/poultry/index.php (13)
2013/04/21 02:02:07 [warning] [application] Failed to set unsafe attribute "tag" of "Expenses".
in /var/www/poultry/protected/controllers/ExpensesController.php (72)
in /var/www/poultry/index.php (13)
2013/04/21 02:03:10 [warning] [application] Failed to set unsafe attribute "tag" of "Expenses".
in /var/www/poultry/protected/controllers/ExpensesController.php (72)
in /var/www/poultry/index.php (13)
2013/04/21 02:03:15 [warning] [application] Failed to set unsafe attribute "tag" of "Expenses".
in /var/www/poultry/protected/controllers/ExpensesController.php (72)
in /var/www/poultry/index.php (13)
2013/04/21 02:03:26 [warning] [application] Failed to set unsafe attribute "tag" of "Expenses".
in /var/www/poultry/protected/controllers/ExpensesController.php (72)
in /var/www/poultry/index.php (13)
2013/04/21 02:05:47 [warning] [application] Failed to set unsafe attribute "tag" of "Expenses".
in /var/www/poultry/protected/controllers/ExpensesController.php (72)
in /var/www/poultry/index.php (13)
2013/04/21 02:14:00 [warning] [application] Failed to set unsafe attribute "tag" of "Expenses".
in /var/www/poultry/protected/controllers/ExpensesController.php (72)
in /var/www/poultry/index.php (13)
2013/04/21 02:22:01 [warning] [application] Failed to set unsafe attribute "tag" of "Expenses".
in /var/www/poultry/protected/controllers/ExpensesController.php (72)
in /var/www/poultry/index.php (13)
2013/04/21 02:38:48 [warning] [application] Failed to set unsafe attribute "tag" of "Expenses".
in /var/www/poultry/protected/controllers/ExpensesController.php (72)
in /var/www/poultry/index.php (13)
2013/04/21 02:38:53 [warning] [application] Failed to set unsafe attribute "tag" of "Expenses".
in /var/www/poultry/protected/controllers/ExpensesController.php (72)
in /var/www/poultry/index.php (13)
2013/04/21 02:40:25 [warning] [application] Failed to set unsafe attribute "tag" of "Expenses".
in /var/www/poultry/protected/controllers/ExpensesController.php (72)
in /var/www/poultry/index.php (13)
2013/04/21 02:40:30 [warning] [application] Failed to set unsafe attribute "tag" of "Expenses".
in /var/www/poultry/protected/controllers/ExpensesController.php (72)
in /var/www/poultry/index.php (13)
2013/04/21 02:41:32 [warning] [application] Failed to set unsafe attribute "tag" of "Expenses".
in /var/www/poultry/protected/controllers/ExpensesController.php (72)
in /var/www/poultry/index.php (13)
2013/04/21 02:46:21 [warning] [application] Failed to set unsafe attribute "tag" of "Expenses".
in /var/www/poultry/protected/controllers/ExpensesController.php (72)
in /var/www/poultry/index.php (13)
2013/04/21 02:46:31 [warning] [application] Failed to set unsafe attribute "tag" of "Expenses".
in /var/www/poultry/protected/controllers/ExpensesController.php (72)
in /var/www/poultry/index.php (13)
2013/04/21 02:50:37 [error] [exception.CHttpException.404] exception 'CHttpException' with message 'Unable to resolve the request "get_all_tags".' in /var/www/framework/web/CWebApplication.php:286
Stack trace:
#0 /var/www/framework/web/CWebApplication.php(141): CWebApplication->runController('get_all_tags')
#1 /var/www/framework/base/CApplication.php(169): CWebApplication->processRequest()
#2 /var/www/poultry/index.php(13): CApplication->run()
#3 {main}
REQUEST_URI=/poultry/index.php/get_all_tags
---
2013/04/21 02:52:07 [warning] [application] Failed to set unsafe attribute "tag" of "Expenses".
in /var/www/poultry/protected/controllers/ExpensesController.php (72)
in /var/www/poultry/index.php (13)
2013/04/21 02:57:45 [warning] [application] Failed to set unsafe attribute "tag" of "Expenses".
in /var/www/poultry/protected/controllers/ExpensesController.php (72)
in /var/www/poultry/index.php (13)
2013/04/21 02:59:00 [warning] [application] Failed to set unsafe attribute "tag" of "Expenses".
in /var/www/poultry/protected/controllers/ExpensesController.php (72)
in /var/www/poultry/index.php (13)
2013/04/21 03:39:20 [error] [exception.CHttpException.404] exception 'CHttpException' with message 'Unable to resolve the request "phpmyadmin".' in /var/www/framework/web/CWebApplication.php:286
Stack trace:
#0 /var/www/framework/web/CWebApplication.php(141): CWebApplication->runController('phpmyadmin')
#1 /var/www/framework/base/CApplication.php(169): CWebApplication->processRequest()
#2 /var/www/poultry/index.php(13): CApplication->run()
#3 {main}
REQUEST_URI=/poultry/index.php/phpmyadmin
---
2013/04/21 03:58:26 [warning] [application] Failed to set unsafe attribute "tag" of "User".
in /var/www/poultry/protected/controllers/UserController.php (72)
in /var/www/poultry/index.php (13)
2013/04/21 03:58:26 [warning] [application] Failed to set unsafe attribute "firstname" of "User".
in /var/www/poultry/protected/controllers/UserController.php (72)
in /var/www/poultry/index.php (13)
2013/04/21 05:23:08 [warning] [application] Failed to set unsafe attribute "tag" of "User".
in /var/www/poultry/protected/controllers/UserController.php (72)
in /var/www/poultry/index.php (13)
2013/04/21 05:23:08 [warning] [application] Failed to set unsafe attribute "firstname" of "User".
in /var/www/poultry/protected/controllers/UserController.php (72)
in /var/www/poultry/index.php (13)
2013/04/21 05:23:08 [warning] [application] Failed to set unsafe attribute "lastname" of "User".
in /var/www/poultry/protected/controllers/UserController.php (72)
in /var/www/poultry/index.php (13)
2013/04/21 05:23:08 [warning] [application] Failed to set unsafe attribute " username" of "User".
in /var/www/poultry/protected/controllers/UserController.php (72)
in /var/www/poultry/index.php (13)
2013/04/21 05:23:23 [warning] [application] Failed to set unsafe attribute "tag" of "User".
in /var/www/poultry/protected/controllers/UserController.php (72)
in /var/www/poultry/index.php (13)
2013/04/21 05:23:23 [warning] [application] Failed to set unsafe attribute "firstname" of "User".
in /var/www/poultry/protected/controllers/UserController.php (72)
in /var/www/poultry/index.php (13)
2013/04/21 05:23:23 [warning] [application] Failed to set unsafe attribute "lastname" of "User".
in /var/www/poultry/protected/controllers/UserController.php (72)
in /var/www/poultry/index.php (13)
2013/04/21 05:23:23 [warning] [application] Failed to set unsafe attribute " username" of "User".
in /var/www/poultry/protected/controllers/UserController.php (72)
in /var/www/poultry/index.php (13)
2013/04/21 05:23:48 [warning] [application] Failed to set unsafe attribute "tag" of "User".
in /var/www/poultry/protected/controllers/UserController.php (72)
in /var/www/poultry/index.php (13)
2013/04/21 05:23:48 [warning] [application] Failed to set unsafe attribute "firstname" of "User".
in /var/www/poultry/protected/controllers/UserController.php (72)
in /var/www/poultry/index.php (13)
2013/04/21 05:23:48 [warning] [application] Failed to set unsafe attribute "lastname" of "User".
in /var/www/poultry/protected/controllers/UserController.php (72)
in /var/www/poultry/index.php (13)
2013/04/21 05:24:29 [warning] [application] Failed to set unsafe attribute "tag" of "User".
in /var/www/poultry/protected/controllers/UserController.php (72)
in /var/www/poultry/index.php (13)
2013/04/21 05:57:08 [warning] [application] Failed to set unsafe attribute "exp_date" of "Expenses".
in /var/www/poultry/protected/controllers/ExpensesController.php (72)
in /var/www/poultry/index.php (13)
2013/04/21 06:42:45 [error] [php] Undefined index: username (/var/www/poultry/protected/controllers/UserController.php:160)
Stack trace:
#0 /var/www/framework/web/filters/CFilterChain.php(133): UserController->runAction()
#1 /var/www/framework/web/filters/CFilter.php(40): CFilterChain->run()
#2 /var/www/framework/web/CController.php(1145): CAccessControlFilter->filter()
#3 /var/www/framework/web/filters/CInlineFilter.php(58): UserController->filterAccessControl()
#4 /var/www/framework/web/filters/CFilterChain.php(130): CInlineFilter->filter()
#5 /var/www/framework/web/CController.php(291): CFilterChain->run()
#6 /var/www/framework/web/CController.php(265): UserController->runActionWithFilters()
#7 /var/www/framework/web/CWebApplication.php(282): UserController->run()
#8 /var/www/framework/web/CWebApplication.php(141): CWebApplication->runController()
#9 /var/www/framework/base/CApplication.php(169): CWebApplication->processRequest()
#10 /var/www/poultry/index.php(13): CWebApplication->run()
REQUEST_URI=/poultry/index.php/user/admin
in /var/www/poultry/protected/controllers/UserController.php (160)
in /var/www/poultry/index.php (13)
2013/04/21 06:44:12 [error] [php] Undefined index: username (/var/www/poultry/protected/controllers/UserController.php:160)
Stack trace:
#0 /var/www/framework/web/filters/CFilterChain.php(133): UserController->runAction()
#1 /var/www/framework/web/filters/CFilter.php(40): CFilterChain->run()
#2 /var/www/framework/web/CController.php(1145): CAccessControlFilter->filter()
#3 /var/www/framework/web/filters/CInlineFilter.php(58): UserController->filterAccessControl()
#4 /var/www/framework/web/filters/CFilterChain.php(130): CInlineFilter->filter()
#5 /var/www/framework/web/CController.php(291): CFilterChain->run()
#6 /var/www/framework/web/CController.php(265): UserController->runActionWithFilters()
#7 /var/www/framework/web/CWebApplication.php(282): UserController->run()
#8 /var/www/framework/web/CWebApplication.php(141): CWebApplication->runController()
#9 /var/www/framework/base/CApplication.php(169): CWebApplication->processRequest()
#10 /var/www/poultry/index.php(13): CWebApplication->run()
REQUEST_URI=/poultry/index.php/user/admin
in /var/www/poultry/protected/controllers/UserController.php (160)
in /var/www/poultry/index.php (13)
2013/04/21 06:45:05 [error] [php] Undefined index: username (/var/www/poultry/protected/controllers/UserController.php:160)
Stack trace:
#0 /var/www/framework/web/filters/CFilterChain.php(133): UserController->runAction()
#1 /var/www/framework/web/filters/CFilter.php(40): CFilterChain->run()
#2 /var/www/framework/web/CController.php(1145): CAccessControlFilter->filter()
#3 /var/www/framework/web/filters/CInlineFilter.php(58): UserController->filterAccessControl()
#4 /var/www/framework/web/filters/CFilterChain.php(130): CInlineFilter->filter()
#5 /var/www/framework/web/CController.php(291): CFilterChain->run()
#6 /var/www/framework/web/CController.php(265): UserController->runActionWithFilters()
#7 /var/www/framework/web/CWebApplication.php(282): UserController->run()
#8 /var/www/framework/web/CWebApplication.php(141): CWebApplication->runController()
#9 /var/www/framework/base/CApplication.php(169): CWebApplication->processRequest()
#10 /var/www/poultry/index.php(13): CWebApplication->run()
REQUEST_URI=/poultry/index.php/user/admin
in /var/www/poultry/protected/controllers/UserController.php (160)
in /var/www/poultry/index.php (13)
2013/04/21 06:45:35 [error] [php] Undefined index: username (/var/www/poultry/protected/controllers/UserController.php:160)
Stack trace:
#0 /var/www/framework/web/filters/CFilterChain.php(133): UserController->runAction()
#1 /var/www/framework/web/filters/CFilter.php(40): CFilterChain->run()
#2 /var/www/framework/web/CController.php(1145): CAccessControlFilter->filter()
#3 /var/www/framework/web/filters/CInlineFilter.php(58): UserController->filterAccessControl()
#4 /var/www/framework/web/filters/CFilterChain.php(130): CInlineFilter->filter()
#5 /var/www/framework/web/CController.php(291): CFilterChain->run()
#6 /var/www/framework/web/CController.php(265): UserController->runActionWithFilters()
#7 /var/www/framework/web/CWebApplication.php(282): UserController->run()
#8 /var/www/framework/web/CWebApplication.php(141): CWebApplication->runController()
#9 /var/www/framework/base/CApplication.php(169): CWebApplication->processRequest()
#10 /var/www/poultry/index.php(13): CWebApplication->run()
REQUEST_URI=/poultry/index.php/user/admin
in /var/www/poultry/protected/controllers/UserController.php (160)
in /var/www/poultry/index.php (13)
2013/04/21 06:47:15 [error] [php] Undefined index: username (/var/www/poultry/protected/controllers/UserController.php:160)
Stack trace:
#0 /var/www/framework/web/filters/CFilterChain.php(133): UserController->runAction()
#1 /var/www/framework/web/filters/CFilter.php(40): CFilterChain->run()
#2 /var/www/framework/web/CController.php(1145): CAccessControlFilter->filter()
#3 /var/www/framework/web/filters/CInlineFilter.php(58): UserController->filterAccessControl()
#4 /var/www/framework/web/filters/CFilterChain.php(130): CInlineFilter->filter()
#5 /var/www/framework/web/CController.php(291): CFilterChain->run()
#6 /var/www/framework/web/CController.php(265): UserController->runActionWithFilters()
#7 /var/www/framework/web/CWebApplication.php(282): UserController->run()
#8 /var/www/framework/web/CWebApplication.php(141): CWebApplication->runController()
#9 /var/www/framework/base/CApplication.php(169): CWebApplication->processRequest()
#10 /var/www/poultry/index.php(13): CWebApplication->run()
REQUEST_URI=/poultry/index.php/user/admin
in /var/www/poultry/protected/controllers/UserController.php (160)
in /var/www/poultry/index.php (13)
2013/04/21 06:51:26 [error] [php] Invalid argument supplied for foreach() (/var/www/framework/db/schema/CDbCommandBuilder.php:567)
Stack trace:
#0 /var/www/framework/web/actions/CInlineAction.php(49): UserController->actionAdmin()
#1 /var/www/framework/web/CController.php(308): CInlineAction->runWithParams()
#2 /var/www/framework/web/filters/CFilterChain.php(133): UserController->runAction()
#3 /var/www/framework/web/filters/CFilter.php(40): CFilterChain->run()
#4 /var/www/framework/web/CController.php(1145): CAccessControlFilter->filter()
#5 /var/www/framework/web/filters/CInlineFilter.php(58): UserController->filterAccessControl()
#6 /var/www/framework/web/filters/CFilterChain.php(130): CInlineFilter->filter()
#7 /var/www/framework/web/CController.php(291): CFilterChain->run()
#8 /var/www/framework/web/CController.php(265): UserController->runActionWithFilters()
#9 /var/www/framework/web/CWebApplication.php(282): UserController->run()
#10 /var/www/framework/web/CWebApplication.php(141): CWebApplication->runController()
#11 /var/www/framework/base/CApplication.php(169): CWebApplication->processRequest()
#12 /var/www/poultry/index.php(13): CWebApplication->run()
REQUEST_URI=/poultry/index.php/user/admin
in /var/www/poultry/protected/controllers/UserController.php (169)
in /var/www/poultry/index.php (13)
2013/04/21 06:53:10 [error] [php] Invalid argument supplied for foreach() (/var/www/framework/db/schema/CDbCommandBuilder.php:567)
Stack trace:
#0 /var/www/framework/web/actions/CInlineAction.php(49): UserController->actionAdmin()
#1 /var/www/framework/web/CController.php(308): CInlineAction->runWithParams()
#2 /var/www/framework/web/filters/CFilterChain.php(133): UserController->runAction()
#3 /var/www/framework/web/filters/CFilter.php(40): CFilterChain->run()
#4 /var/www/framework/web/CController.php(1145): CAccessControlFilter->filter()
#5 /var/www/framework/web/filters/CInlineFilter.php(58): UserController->filterAccessControl()
#6 /var/www/framework/web/filters/CFilterChain.php(130): CInlineFilter->filter()
#7 /var/www/framework/web/CController.php(291): CFilterChain->run()
#8 /var/www/framework/web/CController.php(265): UserController->runActionWithFilters()
#9 /var/www/framework/web/CWebApplication.php(282): UserController->run()
#10 /var/www/framework/web/CWebApplication.php(141): CWebApplication->runController()
#11 /var/www/framework/base/CApplication.php(169): CWebApplication->processRequest()
#12 /var/www/poultry/index.php(13): CWebApplication->run()
REQUEST_URI=/poultry/index.php/user/admin
in /var/www/poultry/protected/controllers/UserController.php (169)
in /var/www/poultry/index.php (13)
2013/04/21 06:55:21 [error] [php] Invalid argument supplied for foreach() (/var/www/framework/db/schema/CDbCommandBuilder.php:567)
Stack trace:
#0 /var/www/framework/web/actions/CInlineAction.php(49): UserController->actionAdmin()
#1 /var/www/framework/web/CController.php(308): CInlineAction->runWithParams()
#2 /var/www/framework/web/filters/CFilterChain.php(133): UserController->runAction()
#3 /var/www/framework/web/filters/CFilter.php(40): CFilterChain->run()
#4 /var/www/framework/web/CController.php(1145): CAccessControlFilter->filter()
#5 /var/www/framework/web/filters/CInlineFilter.php(58): UserController->filterAccessControl()
#6 /var/www/framework/web/filters/CFilterChain.php(130): CInlineFilter->filter()
#7 /var/www/framework/web/CController.php(291): CFilterChain->run()
#8 /var/www/framework/web/CController.php(265): UserController->runActionWithFilters()
#9 /var/www/framework/web/CWebApplication.php(282): UserController->run()
#10 /var/www/framework/web/CWebApplication.php(141): CWebApplication->runController()
#11 /var/www/framework/base/CApplication.php(169): CWebApplication->processRequest()
#12 /var/www/poultry/index.php(13): CWebApplication->run()
REQUEST_URI=/poultry/index.php/user/admin
in /var/www/poultry/protected/controllers/UserController.php (167)
in /var/www/poultry/index.php (13)
2013/04/21 06:59:27 [error] [php] Invalid argument supplied for foreach() (/var/www/framework/db/schema/CDbCommandBuilder.php:567)
Stack trace:
#0 /var/www/framework/web/actions/CInlineAction.php(49): UserController->actionAdmin()
#1 /var/www/framework/web/CController.php(308): CInlineAction->runWithParams()
#2 /var/www/framework/web/filters/CFilterChain.php(133): UserController->runAction()
#3 /var/www/framework/web/filters/CFilter.php(40): CFilterChain->run()
#4 /var/www/framework/web/CController.php(1145): CAccessControlFilter->filter()
#5 /var/www/framework/web/filters/CInlineFilter.php(58): UserController->filterAccessControl()
#6 /var/www/framework/web/filters/CFilterChain.php(130): CInlineFilter->filter()
#7 /var/www/framework/web/CController.php(291): CFilterChain->run()
#8 /var/www/framework/web/CController.php(265): UserController->runActionWithFilters()
#9 /var/www/framework/web/CWebApplication.php(282): UserController->run()
#10 /var/www/framework/web/CWebApplication.php(141): CWebApplication->runController()
#11 /var/www/framework/base/CApplication.php(169): CWebApplication->processRequest()
#12 /var/www/poultry/index.php(13): CWebApplication->run()
REQUEST_URI=/poultry/index.php/user/admin
in /var/www/poultry/protected/controllers/UserController.php (167)
in /var/www/poultry/index.php (13)
2013/04/21 07:36:06 [warning] [application] Failed to set unsafe attribute "tag" of "Production".
in /var/www/poultry/protected/controllers/ProductionController.php (184)
in /var/www/poultry/index.php (13)
2013/04/21 07:45:36 [warning] [application] Failed to set unsafe attribute "tag" of "Production".
in /var/www/poultry/protected/controllers/ProductionController.php (184)
in /var/www/poultry/index.php (13)
2013/04/21 07:45:37 [warning] [application] Failed to set unsafe attribute "tag" of "Production".
in /var/www/poultry/protected/controllers/ProductionController.php (184)
in /var/www/poultry/index.php (13)
2013/04/21 07:45:37 [warning] [application] Failed to set unsafe attribute "tag" of "Production".
in /var/www/poultry/protected/controllers/ProductionController.php (184)
in /var/www/poultry/index.php (13)
2013/04/21 07:45:38 [warning] [application] Failed to set unsafe attribute "tag" of "Production".
in /var/www/poultry/protected/controllers/ProductionController.php (184)
in /var/www/poultry/index.php (13)
2013/04/21 07:45:38 [warning] [application] Failed to set unsafe attribute "tag" of "Production".
in /var/www/poultry/protected/controllers/ProductionController.php (184)
in /var/www/poultry/index.php (13)
2013/04/21 07:45:38 [warning] [application] Failed to set unsafe attribute "tag" of "Production".
in /var/www/poultry/protected/controllers/ProductionController.php (184)
in /var/www/poultry/index.php (13)
2013/04/21 07:45:38 [warning] [application] Failed to set unsafe attribute "tag" of "Production".
in /var/www/poultry/protected/controllers/ProductionController.php (184)
in /var/www/poultry/index.php (13)
2013/04/21 07:45:38 [warning] [application] Failed to set unsafe attribute "tag" of "Production".
in /var/www/poultry/protected/controllers/ProductionController.php (184)
in /var/www/poultry/index.php (13)
2013/04/21 07:46:52 [warning] [application] Failed to set unsafe attribute "tag" of "Production".
in /var/www/poultry/protected/controllers/ProductionController.php (184)
in /var/www/poultry/index.php (13)
2013/04/21 07:47:06 [warning] [application] Failed to set unsafe attribute "tag" of "Production".
in /var/www/poultry/protected/controllers/ProductionController.php (184)
in /var/www/poultry/index.php (13)
2013/04/21 07:50:54 [warning] [application] Failed to set unsafe attribute "tag" of "Production".
in /var/www/poultry/protected/controllers/ProductionController.php (184)
in /var/www/poultry/index.php (13)
2013/04/21 07:51:34 [warning] [application] Failed to set unsafe attribute "tag" of "Production".
in /var/www/poultry/protected/controllers/ProductionController.php (184)
in /var/www/poultry/index.php (13)
2013/04/21 07:51:49 [warning] [application] Failed to set unsafe attribute "tag" of "Production".
in /var/www/poultry/protected/controllers/ProductionController.php (184)
in /var/www/poultry/index.php (13)
2013/04/21 07:52:09 [warning] [application] Failed to set unsafe attribute "tag" of "Production".
in /var/www/poultry/protected/controllers/ProductionController.php (184)
in /var/www/poultry/index.php (13)
2013/04/21 07:59:14 [warning] [application] Failed to set unsafe attribute "tag" of "Production".
in /var/www/poultry/protected/controllers/ProductionController.php (184)
in /var/www/poultry/index.php (13)
2013/04/21 07:59:27 [warning] [application] Failed to set unsafe attribute "tag" of "Production".
in /var/www/poultry/protected/controllers/ProductionController.php (184)
in /var/www/poultry/index.php (13)
2013/04/21 08:02:09 [warning] [application] Failed to set unsafe attribute "tag" of "Production".
in /var/www/poultry/protected/controllers/ProductionController.php (184)
in /var/www/poultry/index.php (13)
2013/04/21 08:24:40 [warning] [application] Failed to set unsafe attribute "tag" of "Production".
in /var/www/poultry/protected/controllers/ProductionController.php (184)
in /var/www/poultry/index.php (13)
2013/04/21 08:25:32 [warning] [application] Failed to set unsafe attribute "tag" of "Production".
in /var/www/poultry/protected/controllers/ProductionController.php (184)
in /var/www/poultry/index.php (13)
2013/04/21 08:28:51 [warning] [application] Failed to set unsafe attribute "tag" of "Production".
in /var/www/poultry/protected/controllers/ProductionController.php (184)
in /var/www/poultry/index.php (13)
2013/04/21 08:29:08 [warning] [application] Failed to set unsafe attribute "tag" of "Production".
in /var/www/poultry/protected/controllers/ProductionController.php (184)
in /var/www/poultry/index.php (13)
2013/04/21 08:31:40 [warning] [application] Failed to set unsafe attribute "tag" of "Production".
in /var/www/poultry/protected/controllers/ProductionController.php (184)
in /var/www/poultry/index.php (13)
2013/04/21 08:32:35 [warning] [application] Failed to set unsafe attribute "tag" of "Production".
in /var/www/poultry/protected/controllers/ProductionController.php (184)
in /var/www/poultry/index.php (13)
2013/04/21 08:33:40 [warning] [application] Failed to set unsafe attribute "tag" of "Production".
in /var/www/poultry/protected/controllers/ProductionController.php (184)
in /var/www/poultry/index.php (13)
2013/04/21 08:34:12 [warning] [application] Failed to set unsafe attribute "tag" of "Production".
in /var/www/poultry/protected/controllers/ProductionController.php (184)
in /var/www/poultry/index.php (13)
2013/04/21 08:35:11 [warning] [application] Failed to set unsafe attribute "tag" of "Production".
in /var/www/poultry/protected/controllers/ProductionController.php (184)
in /var/www/poultry/index.php (13)
2013/04/21 08:35:37 [warning] [application] Failed to set unsafe attribute "tag" of "Production".
in /var/www/poultry/protected/controllers/ProductionController.php (184)
in /var/www/poultry/index.php (13)
2013/04/21 08:36:13 [warning] [application] Failed to set unsafe attribute "tag" of "Production".
in /var/www/poultry/protected/controllers/ProductionController.php (184)
in /var/www/poultry/index.php (13)
2013/04/21 08:36:40 [warning] [application] Failed to set unsafe attribute "tag" of "Production".
in /var/www/poultry/protected/controllers/ProductionController.php (184)
in /var/www/poultry/index.php (13)
2013/04/21 11:33:42 [error] [exception.CException] exception 'CException' with message 'SiteController cannot find the requested view "index".' in /var/www/framework/web/CController.php:878
Stack trace:
#0 /var/www/framework/web/CController.php(782): CController->renderPartial('index', NULL, true)
#1 /var/www/poultry/protected/controllers/SiteController.php(32): CController->render('index')
#2 /var/www/framework/web/actions/CInlineAction.php(49): SiteController->actionIndex()
#3 /var/www/framework/web/CController.php(308): CInlineAction->runWithParams(Array)
#4 /var/www/framework/web/CController.php(286): CController->runAction(Object(CInlineAction))
#5 /var/www/framework/web/CController.php(265): CController->runActionWithFilters(Object(CInlineAction), Array)
#6 /var/www/framework/web/CWebApplication.php(282): CController->run('')
#7 /var/www/framework/web/CWebApplication.php(141): CWebApplication->runController('')
#8 /var/www/framework/base/CApplication.php(169): CWebApplication->processRequest()
#9 /var/www/poultry/index.php(13): CApplication->run()
#10 {main}
REQUEST_URI=/poultry/index.php
---
2013/04/21 11:34:22 [error] [exception.CException] exception 'CException' with message 'SiteController cannot find the requested view "index".' in /var/www/framework/web/CController.php:878
Stack trace:
#0 /var/www/framework/web/CController.php(782): CController->renderPartial('index', NULL, true)
#1 /var/www/poultry/protected/controllers/SiteController.php(32): CController->render('index')
#2 /var/www/framework/web/actions/CInlineAction.php(49): SiteController->actionIndex()
#3 /var/www/framework/web/CController.php(308): CInlineAction->runWithParams(Array)
#4 /var/www/framework/web/CController.php(286): CController->runAction(Object(CInlineAction))
#5 /var/www/framework/web/CController.php(265): CController->runActionWithFilters(Object(CInlineAction), Array)
#6 /var/www/framework/web/CWebApplication.php(282): CController->run('')
#7 /var/www/framework/web/CWebApplication.php(141): CWebApplication->runController('')
#8 /var/www/framework/base/CApplication.php(169): CWebApplication->processRequest()
#9 /var/www/poultry/index.php(13): CApplication->run()
#10 {main}
REQUEST_URI=/poultry/index.php
---
2013/04/21 11:34:24 [error] [exception.CException] exception 'CException' with message 'SiteController cannot find the requested view "index".' in /var/www/framework/web/CController.php:878
Stack trace:
#0 /var/www/framework/web/CController.php(782): CController->renderPartial('index', NULL, true)
#1 /var/www/poultry/protected/controllers/SiteController.php(32): CController->render('index')
#2 /var/www/framework/web/actions/CInlineAction.php(49): SiteController->actionIndex()
#3 /var/www/framework/web/CController.php(308): CInlineAction->runWithParams(Array)
#4 /var/www/framework/web/CController.php(286): CController->runAction(Object(CInlineAction))
#5 /var/www/framework/web/CController.php(265): CController->runActionWithFilters(Object(CInlineAction), Array)
#6 /var/www/framework/web/CWebApplication.php(282): CController->run('')
#7 /var/www/framework/web/CWebApplication.php(141): CWebApplication->runController('')
#8 /var/www/framework/base/CApplication.php(169): CWebApplication->processRequest()
#9 /var/www/poultry/index.php(13): CApplication->run()
#10 {main}
REQUEST_URI=/poultry/index.php
---
2013/04/21 11:36:00 [error] [exception.CException] exception 'CException' with message 'SiteController cannot find the requested view "index".' in /var/www/framework/web/CController.php:878
Stack trace:
#0 /var/www/framework/web/CController.php(782): CController->renderPartial('index', NULL, true)
#1 /var/www/poultry/protected/controllers/SiteController.php(32): CController->render('index')
#2 /var/www/framework/web/actions/CInlineAction.php(49): SiteController->actionIndex()
#3 /var/www/framework/web/CController.php(308): CInlineAction->runWithParams(Array)
#4 /var/www/framework/web/CController.php(286): CController->runAction(Object(CInlineAction))
#5 /var/www/framework/web/CController.php(265): CController->runActionWithFilters(Object(CInlineAction), Array)
#6 /var/www/framework/web/CWebApplication.php(282): CController->run('')
#7 /var/www/framework/web/CWebApplication.php(141): CWebApplication->runController('')
#8 /var/www/framework/base/CApplication.php(169): CWebApplication->processRequest()
#9 /var/www/poultry/index.php(13): CApplication->run()
#10 {main}
REQUEST_URI=/poultry/index.php
---
2013/04/21 11:36:54 [error] [exception.CException] exception 'CException' with message 'SiteController cannot find the requested view "index".' in /var/www/framework/web/CController.php:878
Stack trace:
#0 /var/www/framework/web/CController.php(782): CController->renderPartial('index', NULL, true)
#1 /var/www/poultry/protected/controllers/SiteController.php(32): CController->render('index')
#2 /var/www/framework/web/actions/CInlineAction.php(49): SiteController->actionIndex()
#3 /var/www/framework/web/CController.php(308): CInlineAction->runWithParams(Array)
#4 /var/www/framework/web/CController.php(286): CController->runAction(Object(CInlineAction))
#5 /var/www/framework/web/CController.php(265): CController->runActionWithFilters(Object(CInlineAction), Array)
#6 /var/www/framework/web/CWebApplication.php(282): CController->run('')
#7 /var/www/framework/web/CWebApplication.php(141): CWebApplication->runController('')
#8 /var/www/framework/base/CApplication.php(169): CWebApplication->processRequest()
#9 /var/www/poultry/index.php(13): CApplication->run()
#10 {main}
REQUEST_URI=/poultry/index.php
---
2013/04/21 11:36:57 [error] [exception.CException] exception 'CException' with message 'SiteController cannot find the requested view "index".' in /var/www/framework/web/CController.php:878
Stack trace:
#0 /var/www/framework/web/CController.php(782): CController->renderPartial('index', NULL, true)
#1 /var/www/poultry/protected/controllers/SiteController.php(32): CController->render('index')
#2 /var/www/framework/web/actions/CInlineAction.php(49): SiteController->actionIndex()
#3 /var/www/framework/web/CController.php(308): CInlineAction->runWithParams(Array)
#4 /var/www/framework/web/CController.php(286): CController->runAction(Object(CInlineAction))
#5 /var/www/framework/web/CController.php(265): CController->runActionWithFilters(Object(CInlineAction), Array)
#6 /var/www/framework/web/CWebApplication.php(282): CController->run('')
#7 /var/www/framework/web/CWebApplication.php(141): CWebApplication->runController('')
#8 /var/www/framework/base/CApplication.php(169): CWebApplication->processRequest()
#9 /var/www/poultry/index.php(13): CApplication->run()
#10 {main}
REQUEST_URI=/poultry/index.php
---
